[2025-09-24T08:00:05.740Z] [INFO] Starting Sophon app in production mode
[2025-09-24T08:00:05.742Z] [INFO] App is packaged: true
[2025-09-24T08:00:05.743Z] [INFO] Current working directory: C:\Users\USER\Desktop\win-unpacked\win-unpacked
[2025-09-24T08:00:05.743Z] [INFO] App path: C:\Users\USER\Desktop\win-unpacked\win-unpacked\resources\app
[2025-09-24T08:00:05.744Z] [INFO] Resources path: C:\Users\USER\Desktop\win-unpacked\win-unpacked\resources
[2025-09-24T08:00:05.739Z] [INFO] Second instance detected, focusing existing window
[2025-09-24T08:00:05.746Z] [INFO] Another instance is already running, quitting...
[2025-09-24T08:00:05.803Z] [INFO] Electron app ready event triggered
[2025-09-24T08:00:05.804Z] [INFO] Platform: win32
[2025-09-24T08:00:05.805Z] [INFO] Architecture: x64
[2025-09-24T08:00:05.805Z] [INFO] Electron version: 37.5.1
[2025-09-24T08:00:05.806Z] [INFO] Node version: 22.19.0
[2025-09-24T08:00:05.807Z] [INFO] Running in production mode
[2025-09-24T08:00:05.807Z] [INFO] Starting frontend server...
[2025-09-24T08:00:05.808Z] [INFO] Starting frontend server...
[2025-09-24T08:00:05.811Z] [INFO] Frontend path: C:\Users\USER\Desktop\win-unpacked\win-unpacked\resources\app\frontend\dist
[2025-09-24T08:00:05.836Z] [WARNING] Port 3004 is busy, trying next port
[2025-09-24T08:00:05.837Z] [WARNING] Port 3004 is busy, trying next port
[2025-09-24T08:00:05.845Z] [INFO] Frontend server started on http://0.0.0.0:3004
[2025-09-24T08:00:05.846Z] [INFO] Frontend server started on http://0.0.0.0:3005
[2025-09-24T08:00:05.846Z] [INFO] Frontend server successfully started on port 3005
[2025-09-24T08:00:05.847Z] [INFO] Frontend server startup completed
[2025-09-24T08:00:05.848Z] [INFO] Starting backend server...
[2025-09-24T08:00:05.849Z] [INFO] Starting backend server...
[2025-09-24T08:00:05.851Z] [INFO] Looking for backend in possible locations...
[2025-09-24T08:00:05.851Z] [INFO] Checking: C:\Users\USER\Desktop\win-unpacked\win-unpacked\resources\app.asar.unpacked\backend\index.js
[2025-09-24T08:00:05.852Z] [INFO] Checking: C:\Users\USER\Desktop\win-unpacked\win-unpacked\resources\app\backend\index.js
[2025-09-24T08:00:05.853Z] [INFO] Found backend at: C:\Users\USER\Desktop\win-unpacked\win-unpacked\resources\app\backend\index.js
[2025-09-24T08:00:05.853Z] [INFO] Backend path: C:\Users\USER\Desktop\win-unpacked\win-unpacked\resources\app\backend\index.js
[2025-09-24T08:00:05.854Z] [INFO] Backend directory: C:\Users\USER\Desktop\win-unpacked\win-unpacked\resources\app\backend
[2025-09-24T08:00:05.855Z] [INFO] Backend package: sophon-backend v1.0.0
[2025-09-24T08:00:05.856Z] [INFO] CORS dependency listed: ^2.8.5
[2025-09-24T08:00:05.857Z] [INFO] Checking node_modules path C:\Users\USER\Desktop\win-unpacked\win-unpacked\resources\app\backend\node_modules: EXISTS
[2025-09-24T08:00:05.858Z] [INFO]   - cors module at C:\Users\USER\Desktop\win-unpacked\win-unpacked\resources\app\backend\node_modules\cors: EXISTS
[2025-09-24T08:00:05.858Z] [INFO] Checking node_modules path C:\Users\USER\Desktop\win-unpacked\win-unpacked\resources\backend\node_modules: NOT FOUND
[2025-09-24T08:00:05.859Z] [INFO] Checking node_modules path C:\Users\USER\Desktop\win-unpacked\win-unpacked\resources\app.asar.unpacked\backend\node_modules: NOT FOUND
[2025-09-24T08:00:05.860Z] [INFO] Checking node_modules path C:\Users\USER\Desktop\win-unpacked\win-unpacked\resources\app\backend\node_modules: EXISTS
[2025-09-24T08:00:05.860Z] [INFO]   - cors module at C:\Users\USER\Desktop\win-unpacked\win-unpacked\resources\app\backend\node_modules\cors: EXISTS
[2025-09-24T08:00:05.861Z] [INFO] Checking node_modules path C:\Users\USER\Desktop\win-unpacked\win-unpacked\resources\app\backend\node_modules: EXISTS
[2025-09-24T08:00:05.861Z] [INFO]   - cors module at C:\Users\USER\Desktop\win-unpacked\win-unpacked\resources\app\backend\node_modules\cors: EXISTS
[2025-09-24T08:00:05.862Z] [INFO] Checking node_modules path C:\Users\USER\Desktop\win-unpacked\win-unpacked\resources\backend\node_modules: NOT FOUND
[2025-09-24T08:00:05.862Z] [INFO] Checking node_modules path C:\Users\USER\Desktop\win-unpacked\win-unpacked\backend\node_modules: NOT FOUND
[2025-09-24T08:00:05.863Z] [INFO] Checking node_modules path C:\Users\USER\Desktop\win-unpacked\win-unpacked\resources\app\backend\node_modules: EXISTS
[2025-09-24T08:00:05.863Z] [INFO]   - cors module at C:\Users\USER\Desktop\win-unpacked\win-unpacked\resources\app\backend\node_modules\cors: EXISTS
[2025-09-24T08:00:05.864Z] [INFO] Checking node_modules path C:\Users\USER\Desktop\win-unpacked\win-unpacked\resources\node_modules: NOT FOUND
[2025-09-24T08:00:05.864Z] [INFO] Checking node_modules path C:\Users\USER\Desktop\win-unpacked\win-unpacked\resources\app\node_modules: EXISTS
[2025-09-24T08:00:05.865Z] [INFO]   - cors module at C:\Users\USER\Desktop\win-unpacked\win-unpacked\resources\app\node_modules\cors: EXISTS
[2025-09-24T08:00:05.865Z] [INFO] Setting NODE_PATH to: C:\Users\USER\Desktop\win-unpacked\win-unpacked\resources\app\backend\node_modules;C:\Users\USER\Desktop\win-unpacked\win-unpacked\resources\app\backend\node_modules;C:\Users\USER\Desktop\win-unpacked\win-unpacked\resources\app\backend\node_modules;C:\Users\USER\Desktop\win-unpacked\win-unpacked\resources\app\backend\node_modules;C:\Users\USER\Desktop\win-unpacked\win-unpacked\resources\app\node_modules
[2025-09-24T08:00:05.866Z] [INFO] CORS module confirmed at: C:\Users\USER\Desktop\win-unpacked\win-unpacked\resources\app\backend\node_modules\cors
[2025-09-24T08:00:05.867Z] [INFO] CORS version: 2.8.5
[2025-09-24T08:00:05.867Z] [INFO] Spawning backend process with NODE_ENV: production
[2025-09-24T08:00:05.954Z] [INFO] Found working Node.js at: node.exe
[2025-09-24T08:00:05.954Z] [INFO] Using Node.js executable: node.exe
[2025-09-24T08:00:05.955Z] [INFO] Spawn arguments: ["C:\\Users\\USER\\Desktop\\win-unpacked\\win-unpacked\\resources\\app\\backend\\index.js"]
[2025-09-24T08:00:05.963Z] [INFO] Backend process spawned with PID: 6796
[2025-09-24T08:00:12.648Z] [INFO] App before-quit event triggered
[2025-09-24T08:00:12.649Z] [INFO] Starting cleanup process...
[2025-09-24T08:00:12.650Z] [INFO] Terminating backend process...
[2025-09-24T08:00:12.651Z] [INFO] Closing frontend server...
[2025-09-24T08:00:12.653Z] [INFO] Cleanup completed - app will quit
[2025-09-24T08:00:12.654Z] [INFO] App before-quit event triggered
[2025-09-24T08:00:12.655Z] [INFO] Starting cleanup process...
[2025-09-24T08:00:12.656Z] [INFO] Terminating backend process...
[2025-09-24T08:00:12.656Z] [INFO] Closing frontend server...
[2025-09-24T08:00:12.657Z] [INFO] Cleanup completed - app will quit
[2025-09-24T08:00:12.658Z] [INFO] App before-quit event triggered
[2025-09-24T08:00:12.658Z] [INFO] Starting cleanup process...
[2025-09-24T08:00:12.659Z] [INFO] Terminating backend process...
[2025-09-24T08:00:12.659Z] [INFO] Closing frontend server...
[2025-09-24T08:00:12.660Z] [INFO] Cleanup completed - app will quit
[2025-09-24T08:00:12.660Z] [INFO] App before-quit event triggered
[2025-09-24T08:00:12.661Z] [INFO] Starting cleanup process...
[2025-09-24T08:00:12.661Z] [INFO] Terminating backend process...
[2025-09-24T08:00:12.662Z] [INFO] Closing frontend server...
[2025-09-24T08:00:12.662Z] [INFO] Cleanup completed - app will quit
[2025-09-24T08:00:12.663Z] [INFO] App before-quit event triggered
[2025-09-24T08:00:12.663Z] [INFO] Starting cleanup process...
[2025-09-24T08:00:12.663Z] [INFO] Terminating backend process...
[2025-09-24T08:00:12.664Z] [INFO] Closing frontend server...
[2025-09-24T08:00:12.664Z] [INFO] Cleanup completed - app will quit
[2025-09-24T08:00:12.664Z] [INFO] App before-quit event triggered
[2025-09-24T08:00:12.665Z] [INFO] Starting cleanup process...
[2025-09-24T08:00:12.665Z] [INFO] Terminating backend process...
[2025-09-24T08:00:12.665Z] [INFO] Closing frontend server...
[2025-09-24T08:00:12.666Z] [INFO] Cleanup completed - app will quit
[2025-09-24T08:00:12.666Z] [INFO] App before-quit event triggered
[2025-09-24T08:00:12.667Z] [INFO] Starting cleanup process...
[2025-09-24T08:00:12.667Z] [INFO] Terminating backend process...
[2025-09-24T08:00:12.668Z] [INFO] Closing frontend server...
[2025-09-24T08:00:12.668Z] [INFO] Cleanup completed - app will quit
[2025-09-24T08:00:12.669Z] [INFO] App before-quit event triggered
[2025-09-24T08:00:12.669Z] [INFO] Starting cleanup process...
[2025-09-24T08:00:12.669Z] [INFO] Terminating backend process...
[2025-09-24T08:00:12.670Z] [INFO] Closing frontend server...
[2025-09-24T08:00:12.670Z] [INFO] Cleanup completed - app will quit
[2025-09-24T08:00:12.671Z] [INFO] App before-quit event triggered
[2025-09-24T08:00:12.671Z] [INFO] Starting cleanup process...
[2025-09-24T08:00:12.672Z] [INFO] Terminating backend process...
[2025-09-24T08:00:12.672Z] [INFO] Closing frontend server...
[2025-09-24T08:00:12.673Z] [INFO] Cleanup completed - app will quit
[2025-09-24T08:00:12.673Z] [INFO] App before-quit event triggered
[2025-09-24T08:00:12.674Z] [INFO] Starting cleanup process...
[2025-09-24T08:00:12.674Z] [INFO] Terminating backend process...
[2025-09-24T08:00:12.675Z] [INFO] Closing frontend server...
[2025-09-24T08:00:12.675Z] [INFO] Cleanup completed - app will quit
[2025-09-24T08:00:12.676Z] [INFO] App before-quit event triggered
[2025-09-24T08:00:12.676Z] [INFO] Starting cleanup process...
[2025-09-24T08:00:12.676Z] [INFO] Terminating backend process...
[2025-09-24T08:00:12.677Z] [INFO] Closing frontend server...
[2025-09-24T08:00:12.680Z] [INFO] Cleanup completed - app will quit
[2025-09-24T08:00:12.680Z] [INFO] App before-quit event triggered
[2025-09-24T08:00:12.681Z] [INFO] Starting cleanup process...
[2025-09-24T08:00:12.681Z] [INFO] Terminating backend process...
[2025-09-24T08:00:12.682Z] [INFO] Closing frontend server...
[2025-09-24T08:00:12.682Z] [INFO] Cleanup completed - app will quit
[2025-09-24T08:00:12.682Z] [INFO] App before-quit event triggered
[2025-09-24T08:00:12.683Z] [INFO] Starting cleanup process...
[2025-09-24T08:00:12.683Z] [INFO] Terminating backend process...
[2025-09-24T08:00:12.684Z] [INFO] Closing frontend server...
[2025-09-24T08:00:12.684Z] [INFO] Cleanup completed - app will quit
[2025-09-24T08:00:12.685Z] [INFO] App before-quit event triggered
[2025-09-24T08:00:12.685Z] [INFO] Starting cleanup process...
[2025-09-24T08:00:12.685Z] [INFO] Terminating backend process...
[2025-09-24T08:00:12.686Z] [INFO] Closing frontend server...
[2025-09-24T08:00:12.687Z] [INFO] Cleanup completed - app will quit
[2025-09-24T08:00:12.687Z] [INFO] App before-quit event triggered
[2025-09-24T08:00:12.687Z] [INFO] Starting cleanup process...
[2025-09-24T08:00:12.688Z] [INFO] Terminating backend process...
[2025-09-24T08:00:12.688Z] [INFO] Closing frontend server...
[2025-09-24T08:00:12.689Z] [INFO] Cleanup completed - app will quit
[2025-09-24T08:00:12.689Z] [INFO] App before-quit event triggered
[2025-09-24T08:00:12.689Z] [INFO] Starting cleanup process...
[2025-09-24T08:00:12.690Z] [INFO] Terminating backend process...
[2025-09-24T08:00:12.690Z] [INFO] Closing frontend server...
[2025-09-24T08:00:12.691Z] [INFO] Cleanup completed - app will quit
[2025-09-24T08:00:12.691Z] [INFO] App before-quit event triggered
[2025-09-24T08:00:12.692Z] [INFO] Starting cleanup process...
[2025-09-24T08:00:12.692Z] [INFO] Terminating backend process...
[2025-09-24T08:00:12.693Z] [INFO] Closing frontend server...
[2025-09-24T08:00:12.693Z] [INFO] Cleanup completed - app will quit
[2025-09-24T08:00:12.694Z] [INFO] App before-quit event triggered
[2025-09-24T08:00:12.694Z] [INFO] Starting cleanup process...
[2025-09-24T08:00:12.694Z] [INFO] Terminating backend process...
[2025-09-24T08:00:12.695Z] [INFO] Closing frontend server...
[2025-09-24T08:00:12.695Z] [INFO] Cleanup completed - app will quit
[2025-09-24T08:00:12.696Z] [INFO] App before-quit event triggered
[2025-09-24T08:00:12.696Z] [INFO] Starting cleanup process...
[2025-09-24T08:00:12.696Z] [INFO] Terminating backend process...
[2025-09-24T08:00:12.697Z] [INFO] Closing frontend server...
[2025-09-24T08:00:12.697Z] [INFO] Cleanup completed - app will quit
[2025-09-24T08:00:12.698Z] [INFO] App before-quit event triggered
[2025-09-24T08:00:12.698Z] [INFO] Starting cleanup process...
[2025-09-24T08:00:12.699Z] [INFO] Terminating backend process...
[2025-09-24T08:00:12.699Z] [INFO] Closing frontend server...
[2025-09-24T08:00:12.699Z] [INFO] Cleanup completed - app will quit
[2025-09-24T08:00:12.700Z] [INFO] App before-quit event triggered
[2025-09-24T08:00:12.700Z] [INFO] Starting cleanup process...
[2025-09-24T08:00:12.700Z] [INFO] Terminating backend process...
[2025-09-24T08:00:12.701Z] [INFO] Closing frontend server...
[2025-09-24T08:00:12.701Z] [INFO] Cleanup completed - app will quit
[2025-09-24T08:00:12.702Z] [INFO] App before-quit event triggered
[2025-09-24T08:00:12.702Z] [INFO] Starting cleanup process...
[2025-09-24T08:00:12.703Z] [INFO] Terminating backend process...
[2025-09-24T08:00:12.703Z] [INFO] Closing frontend server...
[2025-09-24T08:00:12.703Z] [INFO] Cleanup completed - app will quit
[2025-09-24T08:00:12.704Z] [INFO] App before-quit event triggered
[2025-09-24T08:00:12.704Z] [INFO] Starting cleanup process...
[2025-09-24T08:00:12.704Z] [INFO] Terminating backend process...
[2025-09-24T08:00:12.705Z] [INFO] Closing frontend server...
[2025-09-24T08:00:12.705Z] [INFO] Cleanup completed - app will quit
[2025-09-24T08:00:12.706Z] [INFO] App before-quit event triggered
[2025-09-24T08:00:12.706Z] [INFO] Starting cleanup process...
[2025-09-24T08:00:12.707Z] [INFO] Terminating backend process...
[2025-09-24T08:00:12.708Z] [INFO] Closing frontend server...
[2025-09-24T08:00:12.709Z] [INFO] Cleanup completed - app will quit
[2025-09-24T08:00:12.709Z] [INFO] App before-quit event triggered
[2025-09-24T08:00:12.710Z] [INFO] Starting cleanup process...
[2025-09-24T08:00:12.710Z] [INFO] Terminating backend process...
[2025-09-24T08:00:12.711Z] [INFO] Closing frontend server...
[2025-09-24T08:00:12.711Z] [INFO] Cleanup completed - app will quit
[2025-09-24T08:00:12.712Z] [INFO] App before-quit event triggered
[2025-09-24T08:00:12.712Z] [INFO] Starting cleanup process...
[2025-09-24T08:00:12.713Z] [INFO] Terminating backend process...
[2025-09-24T08:00:12.713Z] [INFO] Closing frontend server...
[2025-09-24T08:00:12.714Z] [INFO] Cleanup completed - app will quit
[2025-09-24T08:00:12.714Z] [INFO] App before-quit event triggered
[2025-09-24T08:00:12.714Z] [INFO] Starting cleanup process...
[2025-09-24T08:00:12.715Z] [INFO] Terminating backend process...
[2025-09-24T08:00:12.715Z] [INFO] Closing frontend server...
[2025-09-24T08:00:12.716Z] [INFO] Cleanup completed - app will quit
[2025-09-24T08:00:12.716Z] [INFO] App before-quit event triggered
[2025-09-24T08:00:12.716Z] [INFO] Starting cleanup process...
[2025-09-24T08:00:12.717Z] [INFO] Terminating backend process...
[2025-09-24T08:00:12.717Z] [INFO] Closing frontend server...
[2025-09-24T08:00:12.718Z] [INFO] Cleanup completed - app will quit
[2025-09-24T08:00:12.718Z] [INFO] App before-quit event triggered
[2025-09-24T08:00:12.718Z] [INFO] Starting cleanup process...
[2025-09-24T08:00:12.719Z] [INFO] Terminating backend process...
[2025-09-24T08:00:12.719Z] [INFO] Closing frontend server...
[2025-09-24T08:00:12.720Z] [INFO] Cleanup completed - app will quit
[2025-09-24T08:00:12.720Z] [INFO] App before-quit event triggered
[2025-09-24T08:00:12.720Z] [INFO] Starting cleanup process...
[2025-09-24T08:00:12.721Z] [INFO] Terminating backend process...
[2025-09-24T08:00:12.721Z] [INFO] Closing frontend server...
[2025-09-24T08:00:12.722Z] [INFO] Cleanup completed - app will quit
[2025-09-24T08:00:12.722Z] [INFO] App before-quit event triggered
[2025-09-24T08:00:12.723Z] [INFO] Starting cleanup process...
[2025-09-24T08:00:12.723Z] [INFO] Terminating backend process...
[2025-09-24T08:00:12.724Z] [INFO] Closing frontend server...
[2025-09-24T08:00:12.724Z] [INFO] Cleanup completed - app will quit
[2025-09-24T08:00:12.725Z] [INFO] App before-quit event triggered
[2025-09-24T08:00:12.725Z] [INFO] Starting cleanup process...
[2025-09-24T08:00:12.726Z] [INFO] Terminating backend process...
[2025-09-24T08:00:12.726Z] [INFO] Closing frontend server...
[2025-09-24T08:00:12.727Z] [INFO] Cleanup completed - app will quit
[2025-09-24T08:00:12.727Z] [INFO] App before-quit event triggered
[2025-09-24T08:00:12.728Z] [INFO] Starting cleanup process...
[2025-09-24T08:00:12.728Z] [INFO] Terminating backend process...
[2025-09-24T08:00:12.729Z] [INFO] Closing frontend server...
[2025-09-24T08:00:12.729Z] [INFO] Cleanup completed - app will quit
[2025-09-24T08:00:12.729Z] [INFO] App before-quit event triggered
[2025-09-24T08:00:12.730Z] [INFO] Starting cleanup process...
[2025-09-24T08:00:12.730Z] [INFO] Terminating backend process...
[2025-09-24T08:00:12.731Z] [INFO] Closing frontend server...
[2025-09-24T08:00:12.731Z] [INFO] Cleanup completed - app will quit
[2025-09-24T08:00:12.731Z] [INFO] App before-quit event triggered
[2025-09-24T08:00:12.732Z] [INFO] Starting cleanup process...
[2025-09-24T08:00:12.732Z] [INFO] Terminating backend process...
[2025-09-24T08:00:12.733Z] [INFO] Closing frontend server...
[2025-09-24T08:00:12.733Z] [INFO] Cleanup completed - app will quit
[2025-09-24T08:00:12.733Z] [INFO] App before-quit event triggered
[2025-09-24T08:00:12.734Z] [INFO] Starting cleanup process...
[2025-09-24T08:00:12.734Z] [INFO] Terminating backend process...
[2025-09-24T08:00:12.734Z] [INFO] Closing frontend server...
[2025-09-24T08:00:12.735Z] [INFO] Cleanup completed - app will quit
[2025-09-24T08:00:12.735Z] [INFO] App before-quit event triggered
[2025-09-24T08:00:12.736Z] [INFO] Starting cleanup process...
[2025-09-24T08:00:12.736Z] [INFO] Terminating backend process...
[2025-09-24T08:00:12.736Z] [INFO] Closing frontend server...
[2025-09-24T08:00:12.737Z] [INFO] Cleanup completed - app will quit
[2025-09-24T08:00:12.737Z] [INFO] App before-quit event triggered
[2025-09-24T08:00:12.737Z] [INFO] Starting cleanup process...
[2025-09-24T08:00:12.738Z] [INFO] Terminating backend process...
[2025-09-24T08:00:12.738Z] [INFO] Closing frontend server...
[2025-09-24T08:00:12.739Z] [INFO] Cleanup completed - app will quit
[2025-09-24T08:00:12.739Z] [INFO] App before-quit event triggered
[2025-09-24T08:00:12.739Z] [INFO] Starting cleanup process...
[2025-09-24T08:00:12.740Z] [INFO] Terminating backend process...
[2025-09-24T08:00:12.740Z] [INFO] Closing frontend server...
[2025-09-24T08:00:12.741Z] [INFO] Cleanup completed - app will quit
[2025-09-24T08:00:12.741Z] [INFO] App before-quit event triggered
[2025-09-24T08:00:12.742Z] [INFO] Starting cleanup process...
[2025-09-24T08:00:12.742Z] [INFO] Terminating backend process...
[2025-09-24T08:00:12.743Z] [INFO] Closing frontend server...
[2025-09-24T08:00:12.743Z] [INFO] Cleanup completed - app will quit
[2025-09-24T08:00:12.744Z] [INFO] App before-quit event triggered
[2025-09-24T08:00:12.744Z] [INFO] Starting cleanup process...
[2025-09-24T08:00:12.745Z] [INFO] Terminating backend process...
[2025-09-24T08:00:12.745Z] [INFO] Closing frontend server...
[2025-09-24T08:00:12.746Z] [INFO] Cleanup completed - app will quit
[2025-09-24T08:00:12.746Z] [INFO] App before-quit event triggered
[2025-09-24T08:00:12.747Z] [INFO] Starting cleanup process...
[2025-09-24T08:00:12.747Z] [INFO] Terminating backend process...
[2025-09-24T08:00:12.748Z] [INFO] Closing frontend server...
[2025-09-24T08:00:12.748Z] [INFO] Cleanup completed - app will quit
[2025-09-24T08:00:12.749Z] [INFO] App before-quit event triggered
[2025-09-24T08:00:12.749Z] [INFO] Starting cleanup process...
[2025-09-24T08:00:12.750Z] [INFO] Terminating backend process...
[2025-09-24T08:00:12.750Z] [INFO] Closing frontend server...
[2025-09-24T08:00:12.751Z] [INFO] Cleanup completed - app will quit
[2025-09-24T08:00:12.752Z] [INFO] App before-quit event triggered
[2025-09-24T08:00:12.752Z] [INFO] Starting cleanup process...
[2025-09-24T08:00:12.752Z] [INFO] Terminating backend process...
[2025-09-24T08:00:12.753Z] [INFO] Closing frontend server...
[2025-09-24T08:00:12.753Z] [INFO] Cleanup completed - app will quit
[2025-09-24T08:00:12.754Z] [INFO] App before-quit event triggered
[2025-09-24T08:00:12.754Z] [INFO] Starting cleanup process...
[2025-09-24T08:00:12.755Z] [INFO] Terminating backend process...
[2025-09-24T08:00:12.755Z] [INFO] Closing frontend server...
[2025-09-24T08:00:12.756Z] [INFO] Cleanup completed - app will quit
[2025-09-24T08:00:12.756Z] [INFO] App before-quit event triggered
[2025-09-24T08:00:12.757Z] [INFO] Starting cleanup process...
[2025-09-24T08:00:12.757Z] [INFO] Terminating backend process...
[2025-09-24T08:00:12.758Z] [INFO] Closing frontend server...
[2025-09-24T08:00:12.758Z] [INFO] Cleanup completed - app will quit
[2025-09-24T08:00:12.759Z] [INFO] App before-quit event triggered
[2025-09-24T08:00:12.759Z] [INFO] Starting cleanup process...
[2025-09-24T08:00:12.759Z] [INFO] Terminating backend process...
[2025-09-24T08:00:12.760Z] [INFO] Closing frontend server...
[2025-09-24T08:00:12.760Z] [INFO] Cleanup completed - app will quit
[2025-09-24T08:00:12.761Z] [INFO] App before-quit event triggered
[2025-09-24T08:00:12.761Z] [INFO] Starting cleanup process...
[2025-09-24T08:00:12.762Z] [INFO] Terminating backend process...
[2025-09-24T08:00:12.762Z] [INFO] Closing frontend server...
[2025-09-24T08:00:12.762Z] [INFO] Cleanup completed - app will quit
[2025-09-24T08:00:12.763Z] [INFO] App before-quit event triggered
[2025-09-24T08:00:12.763Z] [INFO] Starting cleanup process...
[2025-09-24T08:00:12.763Z] [INFO] Terminating backend process...
[2025-09-24T08:00:12.764Z] [INFO] Closing frontend server...
[2025-09-24T08:00:12.764Z] [INFO] Cleanup completed - app will quit
[2025-09-24T08:00:12.765Z] [INFO] App before-quit event triggered
[2025-09-24T08:00:12.765Z] [INFO] Starting cleanup process...
[2025-09-24T08:00:12.765Z] [INFO] Terminating backend process...
[2025-09-24T08:00:12.766Z] [INFO] Closing frontend server...
[2025-09-24T08:00:12.766Z] [INFO] Cleanup completed - app will quit
[2025-09-24T08:00:12.767Z] [INFO] App before-quit event triggered
[2025-09-24T08:00:12.767Z] [INFO] Starting cleanup process...
[2025-09-24T08:00:12.767Z] [INFO] Terminating backend process...
[2025-09-24T08:00:12.768Z] [INFO] Closing frontend server...
[2025-09-24T08:00:12.768Z] [INFO] Cleanup completed - app will quit
[2025-09-24T08:00:12.768Z] [INFO] App before-quit event triggered
[2025-09-24T08:00:12.769Z] [INFO] Starting cleanup process...
[2025-09-24T08:00:12.769Z] [INFO] Terminating backend process...
[2025-09-24T08:00:12.770Z] [INFO] Closing frontend server...
[2025-09-24T08:00:12.770Z] [INFO] Cleanup completed - app will quit
[2025-09-24T08:00:12.771Z] [INFO] App before-quit event triggered
[2025-09-24T08:00:12.771Z] [INFO] Starting cleanup process...
[2025-09-24T08:00:12.771Z] [INFO] Terminating backend process...
[2025-09-24T08:00:12.772Z] [INFO] Closing frontend server...
[2025-09-24T08:00:12.772Z] [INFO] Cleanup completed - app will quit
[2025-09-24T08:00:12.773Z] [INFO] App before-quit event triggered
[2025-09-24T08:00:12.773Z] [INFO] Starting cleanup process...
[2025-09-24T08:00:12.774Z] [INFO] Terminating backend process...
[2025-09-24T08:00:12.774Z] [INFO] Closing frontend server...
[2025-09-24T08:00:12.774Z] [INFO] Cleanup completed - app will quit
[2025-09-24T08:00:12.775Z] [INFO] App before-quit event triggered
[2025-09-24T08:00:12.775Z] [INFO] Starting cleanup process...
[2025-09-24T08:00:12.776Z] [INFO] Terminating backend process...
[2025-09-24T08:00:12.776Z] [INFO] Closing frontend server...
[2025-09-24T08:00:12.777Z] [INFO] Cleanup completed - app will quit
[2025-09-24T08:00:12.777Z] [INFO] App before-quit event triggered
[2025-09-24T08:00:12.778Z] [INFO] Starting cleanup process...
[2025-09-24T08:00:12.778Z] [INFO] Terminating backend process...
[2025-09-24T08:00:12.779Z] [INFO] Closing frontend server...
[2025-09-24T08:00:12.779Z] [INFO] Cleanup completed - app will quit
[2025-09-24T08:00:12.779Z] [INFO] App before-quit event triggered
[2025-09-24T08:00:12.780Z] [INFO] Starting cleanup process...
[2025-09-24T08:00:12.780Z] [INFO] Terminating backend process...
[2025-09-24T08:00:12.781Z] [INFO] Closing frontend server...
[2025-09-24T08:00:12.781Z] [INFO] Cleanup completed - app will quit
[2025-09-24T08:00:12.781Z] [INFO] App before-quit event triggered
[2025-09-24T08:00:12.782Z] [INFO] Starting cleanup process...
[2025-09-24T08:00:12.782Z] [INFO] Terminating backend process...
[2025-09-24T08:00:12.782Z] [INFO] Closing frontend server...
[2025-09-24T08:00:12.783Z] [INFO] Cleanup completed - app will quit
[2025-09-24T08:00:12.783Z] [INFO] App before-quit event triggered
[2025-09-24T08:00:12.784Z] [INFO] Starting cleanup process...
[2025-09-24T08:00:12.784Z] [INFO] Terminating backend process...
[2025-09-24T08:00:12.785Z] [INFO] Closing frontend server...
[2025-09-24T08:00:12.785Z] [INFO] Cleanup completed - app will quit
[2025-09-24T08:00:12.785Z] [INFO] App before-quit event triggered
[2025-09-24T08:00:12.786Z] [INFO] Starting cleanup process...
[2025-09-24T08:00:12.786Z] [INFO] Terminating backend process...
[2025-09-24T08:00:12.786Z] [INFO] Closing frontend server...
[2025-09-24T08:00:12.787Z] [INFO] Cleanup completed - app will quit
[2025-09-24T08:00:12.787Z] [INFO] App before-quit event triggered
[2025-09-24T08:00:12.788Z] [INFO] Starting cleanup process...
[2025-09-24T08:00:12.788Z] [INFO] Terminating backend process...
[2025-09-24T08:00:12.789Z] [INFO] Closing frontend server...
[2025-09-24T08:00:12.789Z] [INFO] Cleanup completed - app will quit
[2025-09-24T08:00:12.790Z] [INFO] App before-quit event triggered
[2025-09-24T08:00:12.790Z] [INFO] Starting cleanup process...
[2025-09-24T08:00:12.791Z] [INFO] Terminating backend process...
[2025-09-24T08:00:12.791Z] [INFO] Closing frontend server...
[2025-09-24T08:00:12.791Z] [INFO] Cleanup completed - app will quit
[2025-09-24T08:00:12.792Z] [INFO] App before-quit event triggered
[2025-09-24T08:00:12.792Z] [INFO] Starting cleanup process...
[2025-09-24T08:00:12.793Z] [INFO] Terminating backend process...
[2025-09-24T08:00:12.793Z] [INFO] Closing frontend server...
[2025-09-24T08:00:12.794Z] [INFO] Cleanup completed - app will quit
[2025-09-24T08:00:12.794Z] [INFO] App before-quit event triggered
[2025-09-24T08:00:12.795Z] [INFO] Starting cleanup process...
[2025-09-24T08:00:12.795Z] [INFO] Terminating backend process...
[2025-09-24T08:00:12.795Z] [INFO] Closing frontend server...
[2025-09-24T08:00:12.796Z] [INFO] Cleanup completed - app will quit
[2025-09-24T08:00:12.796Z] [INFO] App before-quit event triggered
[2025-09-24T08:00:12.796Z] [INFO] Starting cleanup process...
[2025-09-24T08:00:12.797Z] [INFO] Terminating backend process...
[2025-09-24T08:00:12.797Z] [INFO] Closing frontend server...
[2025-09-24T08:00:12.797Z] [INFO] Cleanup completed - app will quit
[2025-09-24T08:00:12.798Z] [INFO] App before-quit event triggered
[2025-09-24T08:00:12.798Z] [INFO] Starting cleanup process...
[2025-09-24T08:00:12.799Z] [INFO] Terminating backend process...
[2025-09-24T08:00:12.799Z] [INFO] Closing frontend server...
[2025-09-24T08:00:12.799Z] [INFO] Cleanup completed - app will quit
[2025-09-24T08:00:12.800Z] [INFO] App before-quit event triggered
[2025-09-24T08:00:12.800Z] [INFO] Starting cleanup process...
[2025-09-24T08:00:12.801Z] [INFO] Terminating backend process...
[2025-09-24T08:00:12.801Z] [INFO] Closing frontend server...
[2025-09-24T08:00:12.801Z] [INFO] Cleanup completed - app will quit
[2025-09-24T08:00:12.802Z] [INFO] App before-quit event triggered
[2025-09-24T08:00:12.802Z] [INFO] Starting cleanup process...
[2025-09-24T08:00:12.802Z] [INFO] Terminating backend process...
[2025-09-24T08:00:12.803Z] [INFO] Closing frontend server...
[2025-09-24T08:00:12.803Z] [INFO] Cleanup completed - app will quit
[2025-09-24T08:00:12.804Z] [INFO] App before-quit event triggered
[2025-09-24T08:00:12.804Z] [INFO] Starting cleanup process...
[2025-09-24T08:00:12.804Z] [INFO] Terminating backend process...
[2025-09-24T08:00:12.805Z] [INFO] Closing frontend server...
[2025-09-24T08:00:12.805Z] [INFO] Cleanup completed - app will quit
[2025-09-24T08:00:12.805Z] [INFO] App before-quit event triggered
[2025-09-24T08:00:12.806Z] [INFO] Starting cleanup process...
[2025-09-24T08:00:12.806Z] [INFO] Terminating backend process...
[2025-09-24T08:00:12.807Z] [INFO] Closing frontend server...
[2025-09-24T08:00:12.807Z] [INFO] Cleanup completed - app will quit
[2025-09-24T08:00:12.808Z] [INFO] App before-quit event triggered
[2025-09-24T08:00:12.808Z] [INFO] Starting cleanup process...
[2025-09-24T08:00:12.809Z] [INFO] Terminating backend process...
[2025-09-24T08:00:12.810Z] [INFO] Closing frontend server...
[2025-09-24T08:00:12.811Z] [INFO] Cleanup completed - app will quit
[2025-09-24T08:00:12.811Z] [INFO] App before-quit event triggered
[2025-09-24T08:00:12.812Z] [INFO] Starting cleanup process...
[2025-09-24T08:00:12.813Z] [INFO] Terminating backend process...
[2025-09-24T08:00:12.813Z] [INFO] Closing frontend server...
[2025-09-24T08:00:12.814Z] [INFO] Cleanup completed - app will quit
[2025-09-24T08:00:12.814Z] [INFO] App before-quit event triggered
[2025-09-24T08:00:12.814Z] [INFO] Starting cleanup process...
[2025-09-24T08:00:12.815Z] [INFO] Terminating backend process...
[2025-09-24T08:00:12.815Z] [INFO] Closing frontend server...
[2025-09-24T08:00:12.816Z] [INFO] Cleanup completed - app will quit
[2025-09-24T08:00:12.816Z] [INFO] App before-quit event triggered
[2025-09-24T08:00:12.817Z] [INFO] Starting cleanup process...
[2025-09-24T08:00:12.817Z] [INFO] Terminating backend process...
[2025-09-24T08:00:12.818Z] [INFO] Closing frontend server...
[2025-09-24T08:00:12.818Z] [INFO] Cleanup completed - app will quit
[2025-09-24T08:00:12.819Z] [INFO] App before-quit event triggered
[2025-09-24T08:00:12.819Z] [INFO] Starting cleanup process...
[2025-09-24T08:00:12.819Z] [INFO] Terminating backend process...
[2025-09-24T08:00:12.820Z] [INFO] Closing frontend server...
[2025-09-24T08:00:12.820Z] [INFO] Cleanup completed - app will quit
[2025-09-24T08:00:12.820Z] [INFO] App before-quit event triggered
[2025-09-24T08:00:12.821Z] [INFO] Starting cleanup process...
[2025-09-24T08:00:12.821Z] [INFO] Terminating backend process...
[2025-09-24T08:00:12.821Z] [INFO] Closing frontend server...
[2025-09-24T08:00:12.822Z] [INFO] Cleanup completed - app will quit
[2025-09-24T08:00:12.822Z] [INFO] App before-quit event triggered
[2025-09-24T08:00:12.823Z] [INFO] Starting cleanup process...
[2025-09-24T08:00:12.823Z] [INFO] Terminating backend process...
[2025-09-24T08:00:12.824Z] [INFO] Closing frontend server...
[2025-09-24T08:00:12.824Z] [INFO] Cleanup completed - app will quit
[2025-09-24T08:00:12.825Z] [INFO] App before-quit event triggered
[2025-09-24T08:00:12.825Z] [INFO] Starting cleanup process...
[2025-09-24T08:00:12.826Z] [INFO] Terminating backend process...
[2025-09-24T08:00:12.826Z] [INFO] Closing frontend server...
[2025-09-24T08:00:12.827Z] [INFO] Cleanup completed - app will quit
[2025-09-24T08:00:12.827Z] [INFO] App before-quit event triggered
[2025-09-24T08:00:12.827Z] [INFO] Starting cleanup process...
[2025-09-24T08:00:12.828Z] [INFO] Terminating backend process...
[2025-09-24T08:00:12.828Z] [INFO] Closing frontend server...
[2025-09-24T08:00:12.828Z] [INFO] Cleanup completed - app will quit
[2025-09-24T08:00:12.829Z] [INFO] App before-quit event triggered
[2025-09-24T08:00:12.829Z] [INFO] Starting cleanup process...
[2025-09-24T08:00:12.829Z] [INFO] Terminating backend process...
[2025-09-24T08:00:12.830Z] [INFO] Closing frontend server...
[2025-09-24T08:00:12.830Z] [INFO] Cleanup completed - app will quit
[2025-09-24T08:00:12.830Z] [INFO] App before-quit event triggered
[2025-09-24T08:00:12.831Z] [INFO] Starting cleanup process...
[2025-09-24T08:00:12.831Z] [INFO] Terminating backend process...
[2025-09-24T08:00:12.831Z] [INFO] Closing frontend server...
[2025-09-24T08:00:12.832Z] [INFO] Cleanup completed - app will quit
[2025-09-24T08:00:12.832Z] [INFO] App before-quit event triggered
[2025-09-24T08:00:12.832Z] [INFO] Starting cleanup process...
[2025-09-24T08:00:12.833Z] [INFO] Terminating backend process...
[2025-09-24T08:00:12.833Z] [INFO] Closing frontend server...
[2025-09-24T08:00:12.834Z] [INFO] Cleanup completed - app will quit
[2025-09-24T08:00:12.834Z] [INFO] App before-quit event triggered
[2025-09-24T08:00:12.835Z] [INFO] Starting cleanup process...
[2025-09-24T08:00:12.835Z] [INFO] Terminating backend process...
[2025-09-24T08:00:12.835Z] [INFO] Closing frontend server...
[2025-09-24T08:00:12.836Z] [INFO] Cleanup completed - app will quit
[2025-09-24T08:00:12.836Z] [INFO] App before-quit event triggered
[2025-09-24T08:00:12.837Z] [INFO] Starting cleanup process...
[2025-09-24T08:00:12.837Z] [INFO] Terminating backend process...
[2025-09-24T08:00:12.837Z] [INFO] Closing frontend server...
[2025-09-24T08:00:12.838Z] [INFO] Cleanup completed - app will quit
[2025-09-24T08:00:12.838Z] [INFO] App before-quit event triggered
[2025-09-24T08:00:12.838Z] [INFO] Starting cleanup process...
[2025-09-24T08:00:12.839Z] [INFO] Terminating backend process...
[2025-09-24T08:00:12.839Z] [INFO] Closing frontend server...
[2025-09-24T08:00:12.839Z] [INFO] Cleanup completed - app will quit
[2025-09-24T08:00:12.840Z] [INFO] App before-quit event triggered
[2025-09-24T08:00:12.841Z] [INFO] Starting cleanup process...
[2025-09-24T08:00:12.841Z] [INFO] Terminating backend process...
[2025-09-24T08:00:12.841Z] [INFO] Closing frontend server...
[2025-09-24T08:00:12.842Z] [INFO] Cleanup completed - app will quit
[2025-09-24T08:00:12.842Z] [INFO] App before-quit event triggered
[2025-09-24T08:00:12.843Z] [INFO] Starting cleanup process...
[2025-09-24T08:00:12.843Z] [INFO] Terminating backend process...
[2025-09-24T08:00:12.843Z] [INFO] Closing frontend server...
[2025-09-24T08:00:12.844Z] [INFO] Cleanup completed - app will quit
[2025-09-24T08:00:12.844Z] [INFO] App before-quit event triggered
[2025-09-24T08:00:12.844Z] [INFO] Starting cleanup process...
[2025-09-24T08:00:12.845Z] [INFO] Terminating backend process...
[2025-09-24T08:00:12.845Z] [INFO] Closing frontend server...
[2025-09-24T08:00:12.846Z] [INFO] Cleanup completed - app will quit
[2025-09-24T08:00:12.846Z] [INFO] App before-quit event triggered
[2025-09-24T08:00:12.847Z] [INFO] Starting cleanup process...
[2025-09-24T08:00:12.847Z] [INFO] Terminating backend process...
[2025-09-24T08:00:12.848Z] [INFO] Closing frontend server...
[2025-09-24T08:00:12.848Z] [INFO] Cleanup completed - app will quit
[2025-09-24T08:00:12.849Z] [INFO] App before-quit event triggered
[2025-09-24T08:00:12.849Z] [INFO] Starting cleanup process...
[2025-09-24T08:00:12.849Z] [INFO] Terminating backend process...
[2025-09-24T08:00:12.850Z] [INFO] Closing frontend server...
[2025-09-24T08:00:12.850Z] [INFO] Cleanup completed - app will quit
[2025-09-24T08:00:12.850Z] [INFO] App before-quit event triggered
[2025-09-24T08:00:12.851Z] [INFO] Starting cleanup process...
[2025-09-24T08:00:12.851Z] [INFO] Terminating backend process...
[2025-09-24T08:00:12.852Z] [INFO] Closing frontend server...
[2025-09-24T08:00:12.852Z] [INFO] Cleanup completed - app will quit
[2025-09-24T08:00:12.853Z] [INFO] App before-quit event triggered
[2025-09-24T08:00:12.853Z] [INFO] Starting cleanup process...
[2025-09-24T08:00:12.854Z] [INFO] Terminating backend process...
[2025-09-24T08:00:12.854Z] [INFO] Closing frontend server...
[2025-09-24T08:00:12.855Z] [INFO] Cleanup completed - app will quit
[2025-09-24T08:00:12.855Z] [INFO] App before-quit event triggered
[2025-09-24T08:00:12.856Z] [INFO] Starting cleanup process...
[2025-09-24T08:00:12.856Z] [INFO] Terminating backend process...
[2025-09-24T08:00:12.857Z] [INFO] Closing frontend server...
[2025-09-24T08:00:12.857Z] [INFO] Cleanup completed - app will quit
[2025-09-24T08:00:12.858Z] [INFO] App before-quit event triggered
[2025-09-24T08:00:12.858Z] [INFO] Starting cleanup process...
[2025-09-24T08:00:12.858Z] [INFO] Terminating backend process...
[2025-09-24T08:00:12.859Z] [INFO] Closing frontend server...
[2025-09-24T08:00:12.859Z] [INFO] Cleanup completed - app will quit
[2025-09-24T08:00:12.859Z] [INFO] App before-quit event triggered
[2025-09-24T08:00:12.860Z] [INFO] Starting cleanup process...
[2025-09-24T08:00:12.860Z] [INFO] Terminating backend process...
[2025-09-24T08:00:12.860Z] [INFO] Closing frontend server...
[2025-09-24T08:00:12.861Z] [INFO] Cleanup completed - app will quit
[2025-09-24T08:00:12.861Z] [INFO] App before-quit event triggered
[2025-09-24T08:00:12.861Z] [INFO] Starting cleanup process...
[2025-09-24T08:00:12.862Z] [INFO] Terminating backend process...
[2025-09-24T08:00:12.862Z] [INFO] Closing frontend server...
[2025-09-24T08:00:12.863Z] [INFO] Cleanup completed - app will quit
[2025-09-24T08:00:12.863Z] [INFO] App before-quit event triggered
[2025-09-24T08:00:12.864Z] [INFO] Starting cleanup process...
[2025-09-24T08:00:12.864Z] [INFO] Terminating backend process...
[2025-09-24T08:00:12.865Z] [INFO] Closing frontend server...
[2025-09-24T08:00:12.865Z] [INFO] Cleanup completed - app will quit
[2025-09-24T08:00:12.866Z] [INFO] App before-quit event triggered
[2025-09-24T08:00:12.866Z] [INFO] Starting cleanup process...
[2025-09-24T08:00:12.867Z] [INFO] Terminating backend process...
[2025-09-24T08:00:12.867Z] [INFO] Closing frontend server...
[2025-09-24T08:00:12.867Z] [INFO] Cleanup completed - app will quit
[2025-09-24T08:00:12.868Z] [INFO] App before-quit event triggered
[2025-09-24T08:00:12.868Z] [INFO] Starting cleanup process...
[2025-09-24T08:00:12.868Z] [INFO] Terminating backend process...
[2025-09-24T08:00:12.869Z] [INFO] Closing frontend server...
[2025-09-24T08:00:12.869Z] [INFO] Cleanup completed - app will quit
[2025-09-24T08:00:12.869Z] [INFO] App before-quit event triggered
[2025-09-24T08:00:12.870Z] [INFO] Starting cleanup process...
[2025-09-24T08:00:12.870Z] [INFO] Terminating backend process...
[2025-09-24T08:00:12.870Z] [INFO] Closing frontend server...
[2025-09-24T08:00:12.871Z] [INFO] Cleanup completed - app will quit
[2025-09-24T08:00:12.871Z] [INFO] App before-quit event triggered
[2025-09-24T08:00:12.872Z] [INFO] Starting cleanup process...
[2025-09-24T08:00:12.872Z] [INFO] Terminating backend process...
[2025-09-24T08:00:12.873Z] [INFO] Closing frontend server...
[2025-09-24T08:00:12.874Z] [INFO] Cleanup completed - app will quit
[2025-09-24T08:00:12.874Z] [INFO] App before-quit event triggered
[2025-09-24T08:00:12.875Z] [INFO] Starting cleanup process...
[2025-09-24T08:00:12.875Z] [INFO] Terminating backend process...
[2025-09-24T08:00:12.876Z] [INFO] Closing frontend server...
[2025-09-24T08:00:12.876Z] [INFO] Cleanup completed - app will quit
[2025-09-24T08:00:12.877Z] [INFO] App before-quit event triggered
[2025-09-24T08:00:12.877Z] [INFO] Starting cleanup process...
[2025-09-24T08:00:12.877Z] [INFO] Terminating backend process...
[2025-09-24T08:00:12.878Z] [INFO] Closing frontend server...
[2025-09-24T08:00:12.878Z] [INFO] Cleanup completed - app will quit
[2025-09-24T08:00:12.879Z] [INFO] App before-quit event triggered
[2025-09-24T08:00:12.879Z] [INFO] Starting cleanup process...
[2025-09-24T08:00:12.879Z] [INFO] Terminating backend process...
[2025-09-24T08:00:12.879Z] [INFO] Closing frontend server...
[2025-09-24T08:00:12.880Z] [INFO] Cleanup completed - app will quit
[2025-09-24T08:00:12.880Z] [INFO] App before-quit event triggered
[2025-09-24T08:00:12.880Z] [INFO] Starting cleanup process...
[2025-09-24T08:00:12.881Z] [INFO] Terminating backend process...
[2025-09-24T08:00:12.881Z] [INFO] Closing frontend server...
[2025-09-24T08:00:12.882Z] [INFO] Cleanup completed - app will quit
[2025-09-24T08:00:12.882Z] [INFO] App before-quit event triggered
[2025-09-24T08:00:12.883Z] [INFO] Starting cleanup process...
[2025-09-24T08:00:12.883Z] [INFO] Terminating backend process...
[2025-09-24T08:00:12.883Z] [INFO] Closing frontend server...
[2025-09-24T08:00:12.884Z] [INFO] Cleanup completed - app will quit
[2025-09-24T08:00:12.884Z] [INFO] App before-quit event triggered
[2025-09-24T08:00:12.885Z] [INFO] Starting cleanup process...
[2025-09-24T08:00:12.885Z] [INFO] Terminating backend process...
[2025-09-24T08:00:12.885Z] [INFO] Closing frontend server...
[2025-09-24T08:00:12.886Z] [INFO] Cleanup completed - app will quit
[2025-09-24T08:00:12.886Z] [INFO] App before-quit event triggered
[2025-09-24T08:00:12.887Z] [INFO] Starting cleanup process...
[2025-09-24T08:00:12.887Z] [INFO] Terminating backend process...
[2025-09-24T08:00:12.887Z] [INFO] Closing frontend server...
[2025-09-24T08:00:12.888Z] [INFO] Cleanup completed - app will quit
[2025-09-24T08:00:12.888Z] [INFO] App before-quit event triggered
[2025-09-24T08:00:12.889Z] [INFO] Starting cleanup process...
[2025-09-24T08:00:12.889Z] [INFO] Terminating backend process...
[2025-09-24T08:00:12.890Z] [INFO] Closing frontend server...
[2025-09-24T08:00:12.890Z] [INFO] Cleanup completed - app will quit
[2025-09-24T08:00:12.891Z] [INFO] App before-quit event triggered
[2025-09-24T08:00:12.891Z] [INFO] Starting cleanup process...
[2025-09-24T08:00:12.892Z] [INFO] Terminating backend process...
[2025-09-24T08:00:12.892Z] [INFO] Closing frontend server...
[2025-09-24T08:00:12.892Z] [INFO] Cleanup completed - app will quit
[2025-09-24T08:00:12.893Z] [INFO] App before-quit event triggered
[2025-09-24T08:00:12.893Z] [INFO] Starting cleanup process...
[2025-09-24T08:00:12.894Z] [INFO] Terminating backend process...
[2025-09-24T08:00:12.894Z] [INFO] Closing frontend server...
[2025-09-24T08:00:12.894Z] [INFO] Cleanup completed - app will quit
[2025-09-24T08:00:12.895Z] [INFO] App before-quit event triggered
[2025-09-24T08:00:12.895Z] [INFO] Starting cleanup process...
[2025-09-24T08:00:12.895Z] [INFO] Terminating backend process...
[2025-09-24T08:00:12.896Z] [INFO] Closing frontend server...
[2025-09-24T08:00:12.896Z] [INFO] Cleanup completed - app will quit
[2025-09-24T08:00:12.896Z] [INFO] App before-quit event triggered
[2025-09-24T08:00:12.897Z] [INFO] Starting cleanup process...
[2025-09-24T08:00:12.897Z] [INFO] Terminating backend process...
[2025-09-24T08:00:12.897Z] [INFO] Closing frontend server...
[2025-09-24T08:00:12.898Z] [INFO] Cleanup completed - app will quit
[2025-09-24T08:00:12.898Z] [INFO] App before-quit event triggered
[2025-09-24T08:00:12.898Z] [INFO] Starting cleanup process...
[2025-09-24T08:00:12.899Z] [INFO] Terminating backend process...
[2025-09-24T08:00:12.899Z] [INFO] Closing frontend server...
[2025-09-24T08:00:12.900Z] [INFO] Cleanup completed - app will quit
[2025-09-24T08:00:12.900Z] [INFO] App before-quit event triggered
[2025-09-24T08:00:12.900Z] [INFO] Starting cleanup process...
[2025-09-24T08:00:12.900Z] [INFO] Terminating backend process...
[2025-09-24T08:00:12.901Z] [INFO] Closing frontend server...
[2025-09-24T08:00:12.901Z] [INFO] Cleanup completed - app will quit
[2025-09-24T08:00:12.901Z] [INFO] App before-quit event triggered
[2025-09-24T08:00:12.902Z] [INFO] Starting cleanup process...
[2025-09-24T08:00:12.902Z] [INFO] Terminating backend process...
[2025-09-24T08:00:12.902Z] [INFO] Closing frontend server...
[2025-09-24T08:00:12.903Z] [INFO] Cleanup completed - app will quit
[2025-09-24T08:00:12.903Z] [INFO] App before-quit event triggered
[2025-09-24T08:00:12.903Z] [INFO] Starting cleanup process...
[2025-09-24T08:00:12.904Z] [INFO] Terminating backend process...
[2025-09-24T08:00:12.904Z] [INFO] Closing frontend server...
[2025-09-24T08:00:12.904Z] [INFO] Cleanup completed - app will quit
[2025-09-24T08:00:12.905Z] [INFO] App before-quit event triggered
[2025-09-24T08:00:12.905Z] [INFO] Starting cleanup process...
[2025-09-24T08:00:12.905Z] [INFO] Terminating backend process...
[2025-09-24T08:00:12.906Z] [INFO] Closing frontend server...
[2025-09-24T08:00:12.906Z] [INFO] Cleanup completed - app will quit
[2025-09-24T08:00:12.907Z] [INFO] App before-quit event triggered
[2025-09-24T08:00:12.907Z] [INFO] Starting cleanup process...
[2025-09-24T08:00:12.908Z] [INFO] Terminating backend process...
[2025-09-24T08:00:12.908Z] [INFO] Closing frontend server...
[2025-09-24T08:00:12.909Z] [INFO] Cleanup completed - app will quit
[2025-09-24T08:00:12.909Z] [INFO] App before-quit event triggered
[2025-09-24T08:00:12.909Z] [INFO] Starting cleanup process...
[2025-09-24T08:00:12.910Z] [INFO] Terminating backend process...
[2025-09-24T08:00:12.910Z] [INFO] Closing frontend server...
[2025-09-24T08:00:12.911Z] [INFO] Cleanup completed - app will quit
[2025-09-24T08:00:12.911Z] [INFO] App before-quit event triggered
[2025-09-24T08:00:12.911Z] [INFO] Starting cleanup process...
[2025-09-24T08:00:12.912Z] [INFO] Terminating backend process...
[2025-09-24T08:00:12.912Z] [INFO] Closing frontend server...
[2025-09-24T08:00:12.912Z] [INFO] Cleanup completed - app will quit
[2025-09-24T08:00:12.913Z] [INFO] App before-quit event triggered
[2025-09-24T08:00:12.913Z] [INFO] Starting cleanup process...
[2025-09-24T08:00:12.913Z] [INFO] Terminating backend process...
[2025-09-24T08:00:12.914Z] [INFO] Closing frontend server...
[2025-09-24T08:00:12.914Z] [INFO] Cleanup completed - app will quit
[2025-09-24T08:00:12.915Z] [INFO] App before-quit event triggered
[2025-09-24T08:00:12.915Z] [INFO] Starting cleanup process...
[2025-09-24T08:00:12.915Z] [INFO] Terminating backend process...
[2025-09-24T08:00:12.916Z] [INFO] Closing frontend server...
[2025-09-24T08:00:12.916Z] [INFO] Cleanup completed - app will quit
[2025-09-24T08:00:12.916Z] [INFO] App before-quit event triggered
[2025-09-24T08:00:12.917Z] [INFO] Starting cleanup process...
[2025-09-24T08:00:12.917Z] [INFO] Terminating backend process...
[2025-09-24T08:00:12.918Z] [INFO] Closing frontend server...
[2025-09-24T08:00:12.918Z] [INFO] Cleanup completed - app will quit
[2025-09-24T08:00:12.919Z] [INFO] App before-quit event triggered
[2025-09-24T08:00:12.919Z] [INFO] Starting cleanup process...
[2025-09-24T08:00:12.919Z] [INFO] Terminating backend process...
[2025-09-24T08:00:12.920Z] [INFO] Closing frontend server...
[2025-09-24T08:00:12.920Z] [INFO] Cleanup completed - app will quit
[2025-09-24T08:00:12.921Z] [INFO] App before-quit event triggered
[2025-09-24T08:00:12.921Z] [INFO] Starting cleanup process...
[2025-09-24T08:00:12.921Z] [INFO] Terminating backend process...
[2025-09-24T08:00:12.922Z] [INFO] Closing frontend server...
[2025-09-24T08:00:12.922Z] [INFO] Cleanup completed - app will quit
[2025-09-24T08:00:12.922Z] [INFO] App before-quit event triggered
[2025-09-24T08:00:12.923Z] [INFO] Starting cleanup process...
[2025-09-24T08:00:12.923Z] [INFO] Terminating backend process...
[2025-09-24T08:00:12.924Z] [INFO] Closing frontend server...
[2025-09-24T08:00:12.924Z] [INFO] Cleanup completed - app will quit
[2025-09-24T08:00:12.924Z] [INFO] App before-quit event triggered
[2025-09-24T08:00:12.925Z] [INFO] Starting cleanup process...
[2025-09-24T08:00:12.925Z] [INFO] Terminating backend process...
[2025-09-24T08:00:12.925Z] [INFO] Closing frontend server...
[2025-09-24T08:00:12.926Z] [INFO] Cleanup completed - app will quit
[2025-09-24T08:00:12.926Z] [INFO] App before-quit event triggered
[2025-09-24T08:00:12.927Z] [INFO] Starting cleanup process...
[2025-09-24T08:00:12.927Z] [INFO] Terminating backend process...
[2025-09-24T08:00:12.928Z] [INFO] Closing frontend server...
[2025-09-24T08:00:12.928Z] [INFO] Cleanup completed - app will quit
[2025-09-24T08:00:12.929Z] [INFO] App before-quit event triggered
[2025-09-24T08:00:12.929Z] [INFO] Starting cleanup process...
[2025-09-24T08:00:12.929Z] [INFO] Terminating backend process...
[2025-09-24T08:00:12.930Z] [INFO] Closing frontend server...
[2025-09-24T08:00:12.930Z] [INFO] Cleanup completed - app will quit
[2025-09-24T08:00:12.930Z] [INFO] App before-quit event triggered
[2025-09-24T08:00:12.931Z] [INFO] Starting cleanup process...
[2025-09-24T08:00:12.931Z] [INFO] Terminating backend process...
[2025-09-24T08:00:12.931Z] [INFO] Closing frontend server...
[2025-09-24T08:00:12.932Z] [INFO] Cleanup completed - app will quit
[2025-09-24T08:00:12.932Z] [INFO] App before-quit event triggered
[2025-09-24T08:00:12.932Z] [INFO] Starting cleanup process...
[2025-09-24T08:00:12.933Z] [INFO] Terminating backend process...
[2025-09-24T08:00:12.933Z] [INFO] Closing frontend server...
[2025-09-24T08:00:12.934Z] [INFO] Cleanup completed - app will quit
[2025-09-24T08:00:12.934Z] [INFO] App before-quit event triggered
[2025-09-24T08:00:12.934Z] [INFO] Starting cleanup process...
[2025-09-24T08:00:12.935Z] [INFO] Terminating backend process...
[2025-09-24T08:00:12.935Z] [INFO] Closing frontend server...
[2025-09-24T08:00:12.935Z] [INFO] Cleanup completed - app will quit
[2025-09-24T08:00:12.936Z] [INFO] App before-quit event triggered
[2025-09-24T08:00:12.936Z] [INFO] Starting cleanup process...
[2025-09-24T08:00:12.936Z] [INFO] Terminating backend process...
[2025-09-24T08:00:12.937Z] [INFO] Closing frontend server...
[2025-09-24T08:00:12.937Z] [INFO] Cleanup completed - app will quit
[2025-09-24T08:00:12.937Z] [INFO] App before-quit event triggered
[2025-09-24T08:00:12.938Z] [INFO] Starting cleanup process...
[2025-09-24T08:00:12.938Z] [INFO] Terminating backend process...
[2025-09-24T08:00:12.938Z] [INFO] Closing frontend server...
[2025-09-24T08:00:12.939Z] [INFO] Cleanup completed - app will quit
[2025-09-24T08:00:12.939Z] [INFO] App before-quit event triggered
[2025-09-24T08:00:12.940Z] [INFO] Starting cleanup process...
[2025-09-24T08:00:12.940Z] [INFO] Terminating backend process...
[2025-09-24T08:00:12.940Z] [INFO] Closing frontend server...
[2025-09-24T08:00:12.941Z] [INFO] Cleanup completed - app will quit
[2025-09-24T08:00:12.941Z] [INFO] App before-quit event triggered
[2025-09-24T08:00:12.942Z] [INFO] Starting cleanup process...
[2025-09-24T08:00:12.942Z] [INFO] Terminating backend process...
[2025-09-24T08:00:12.943Z] [INFO] Closing frontend server...
[2025-09-24T08:00:12.943Z] [INFO] Cleanup completed - app will quit
[2025-09-24T08:00:12.944Z] [INFO] App before-quit event triggered
[2025-09-24T08:00:12.944Z] [INFO] Starting cleanup process...
[2025-09-24T08:00:12.944Z] [INFO] Terminating backend process...
[2025-09-24T08:00:12.945Z] [INFO] Closing frontend server...
[2025-09-24T08:00:12.945Z] [INFO] Cleanup completed - app will quit
[2025-09-24T08:00:12.945Z] [INFO] App before-quit event triggered
[2025-09-24T08:00:12.946Z] [INFO] Starting cleanup process...
[2025-09-24T08:00:12.946Z] [INFO] Terminating backend process...
[2025-09-24T08:00:12.947Z] [INFO] Closing frontend server...
[2025-09-24T08:00:12.947Z] [INFO] Cleanup completed - app will quit
[2025-09-24T08:00:12.948Z] [INFO] App before-quit event triggered
[2025-09-24T08:00:12.948Z] [INFO] Starting cleanup process...
[2025-09-24T08:00:12.949Z] [INFO] Terminating backend process...
[2025-09-24T08:00:12.949Z] [INFO] Closing frontend server...
[2025-09-24T08:00:12.950Z] [INFO] Cleanup completed - app will quit
[2025-09-24T08:00:12.950Z] [INFO] App before-quit event triggered
[2025-09-24T08:00:12.950Z] [INFO] Starting cleanup process...
[2025-09-24T08:00:12.951Z] [INFO] Terminating backend process...
[2025-09-24T08:00:12.951Z] [INFO] Closing frontend server...
[2025-09-24T08:00:12.951Z] [INFO] Cleanup completed - app will quit
[2025-09-24T08:00:12.952Z] [INFO] App before-quit event triggered
[2025-09-24T08:00:12.952Z] [INFO] Starting cleanup process...
[2025-09-24T08:00:12.952Z] [INFO] Terminating backend process...
[2025-09-24T08:00:12.953Z] [INFO] Closing frontend server...
[2025-09-24T08:00:12.953Z] [INFO] Cleanup completed - app will quit
[2025-09-24T08:00:12.953Z] [INFO] App before-quit event triggered
[2025-09-24T08:00:12.954Z] [INFO] Starting cleanup process...
[2025-09-24T08:00:12.954Z] [INFO] Terminating backend process...
[2025-09-24T08:00:12.954Z] [INFO] Closing frontend server...
[2025-09-24T08:00:12.955Z] [INFO] Cleanup completed - app will quit
[2025-09-24T08:00:12.955Z] [INFO] App before-quit event triggered
[2025-09-24T08:00:12.955Z] [INFO] Starting cleanup process...
[2025-09-24T08:00:12.956Z] [INFO] Terminating backend process...
[2025-09-24T08:00:12.956Z] [INFO] Closing frontend server...
[2025-09-24T08:00:12.957Z] [INFO] Cleanup completed - app will quit
[2025-09-24T08:00:12.957Z] [INFO] App before-quit event triggered
[2025-09-24T08:00:12.958Z] [INFO] Starting cleanup process...
[2025-09-24T08:00:12.958Z] [INFO] Terminating backend process...
[2025-09-24T08:00:12.959Z] [INFO] Closing frontend server...
[2025-09-24T08:00:12.959Z] [INFO] Cleanup completed - app will quit
[2025-09-24T08:00:12.959Z] [INFO] App before-quit event triggered
[2025-09-24T08:00:12.960Z] [INFO] Starting cleanup process...
[2025-09-24T08:00:12.960Z] [INFO] Terminating backend process...
[2025-09-24T08:00:12.960Z] [INFO] Closing frontend server...
[2025-09-24T08:00:12.961Z] [INFO] Cleanup completed - app will quit
[2025-09-24T08:00:12.961Z] [INFO] App before-quit event triggered
[2025-09-24T08:00:12.961Z] [INFO] Starting cleanup process...
[2025-09-24T08:00:12.962Z] [INFO] Terminating backend process...
[2025-09-24T08:00:12.962Z] [INFO] Closing frontend server...
[2025-09-24T08:00:12.963Z] [INFO] Cleanup completed - app will quit
[2025-09-24T08:00:12.963Z] [INFO] App before-quit event triggered
[2025-09-24T08:00:12.964Z] [INFO] Starting cleanup process...
[2025-09-24T08:00:12.964Z] [INFO] Terminating backend process...
[2025-09-24T08:00:12.965Z] [INFO] Closing frontend server...
[2025-09-24T08:00:12.965Z] [INFO] Cleanup completed - app will quit
[2025-09-24T08:00:12.966Z] [INFO] App before-quit event triggered
[2025-09-24T08:00:12.966Z] [INFO] Starting cleanup process...
[2025-09-24T08:00:12.966Z] [INFO] Terminating backend process...
[2025-09-24T08:00:12.967Z] [INFO] Closing frontend server...
[2025-09-24T08:00:12.967Z] [INFO] Cleanup completed - app will quit
[2025-09-24T08:00:12.967Z] [INFO] App before-quit event triggered
[2025-09-24T08:00:12.968Z] [INFO] Starting cleanup process...
[2025-09-24T08:00:12.968Z] [INFO] Terminating backend process...
[2025-09-24T08:00:12.968Z] [INFO] Closing frontend server...
[2025-09-24T08:00:12.969Z] [INFO] Cleanup completed - app will quit
[2025-09-24T08:00:12.969Z] [INFO] App before-quit event triggered
[2025-09-24T08:00:12.969Z] [INFO] Starting cleanup process...
[2025-09-24T08:00:12.970Z] [INFO] Terminating backend process...
[2025-09-24T08:00:12.970Z] [INFO] Closing frontend server...
[2025-09-24T08:00:12.970Z] [INFO] Cleanup completed - app will quit
[2025-09-24T08:00:12.971Z] [INFO] App before-quit event triggered
[2025-09-24T08:00:12.971Z] [INFO] Starting cleanup process...
[2025-09-24T08:00:12.972Z] [INFO] Terminating backend process...
[2025-09-24T08:00:12.972Z] [INFO] Closing frontend server...
[2025-09-24T08:00:12.972Z] [INFO] Cleanup completed - app will quit
[2025-09-24T08:00:12.973Z] [INFO] App before-quit event triggered
[2025-09-24T08:00:12.973Z] [INFO] Starting cleanup process...
[2025-09-24T08:00:12.974Z] [INFO] Terminating backend process...
[2025-09-24T08:00:12.974Z] [INFO] Closing frontend server...
[2025-09-24T08:00:12.975Z] [INFO] Cleanup completed - app will quit
[2025-09-24T08:00:12.975Z] [INFO] App before-quit event triggered
[2025-09-24T08:00:12.975Z] [INFO] Starting cleanup process...
[2025-09-24T08:00:12.976Z] [INFO] Terminating backend process...
[2025-09-24T08:00:12.976Z] [INFO] Closing frontend server...
[2025-09-24T08:00:12.976Z] [INFO] Cleanup completed - app will quit
[2025-09-24T08:00:12.977Z] [INFO] App before-quit event triggered
[2025-09-24T08:00:12.977Z] [INFO] Starting cleanup process...
[2025-09-24T08:00:12.977Z] [INFO] Terminating backend process...
[2025-09-24T08:00:12.978Z] [INFO] Closing frontend server...
[2025-09-24T08:00:12.978Z] [INFO] Cleanup completed - app will quit
[2025-09-24T08:00:12.979Z] [INFO] App before-quit event triggered
[2025-09-24T08:00:12.979Z] [INFO] Starting cleanup process...
[2025-09-24T08:00:12.979Z] [INFO] Terminating backend process...
[2025-09-24T08:00:12.980Z] [INFO] Closing frontend server...
[2025-09-24T08:00:12.980Z] [INFO] Cleanup completed - app will quit
[2025-09-24T08:00:12.980Z] [INFO] App before-quit event triggered
[2025-09-24T08:00:12.981Z] [INFO] Starting cleanup process...
[2025-09-24T08:00:12.981Z] [INFO] Terminating backend process...
[2025-09-24T08:00:12.981Z] [INFO] Closing frontend server...
[2025-09-24T08:00:12.982Z] [INFO] Cleanup completed - app will quit
[2025-09-24T08:00:12.982Z] [INFO] App before-quit event triggered
[2025-09-24T08:00:12.983Z] [INFO] Starting cleanup process...
[2025-09-24T08:00:12.983Z] [INFO] Terminating backend process...
[2025-09-24T08:00:12.983Z] [INFO] Closing frontend server...
[2025-09-24T08:00:12.984Z] [INFO] Cleanup completed - app will quit
[2025-09-24T08:00:12.984Z] [INFO] App before-quit event triggered
[2025-09-24T08:00:12.984Z] [INFO] Starting cleanup process...
[2025-09-24T08:00:12.985Z] [INFO] Terminating backend process...
[2025-09-24T08:00:12.985Z] [INFO] Closing frontend server...
[2025-09-24T08:00:12.985Z] [INFO] Cleanup completed - app will quit
[2025-09-24T08:00:12.986Z] [INFO] App before-quit event triggered
[2025-09-24T08:00:12.986Z] [INFO] Starting cleanup process...
[2025-09-24T08:00:12.987Z] [INFO] Terminating backend process...
[2025-09-24T08:00:12.987Z] [INFO] Closing frontend server...
[2025-09-24T08:00:12.988Z] [INFO] Cleanup completed - app will quit
[2025-09-24T08:00:12.988Z] [INFO] App before-quit event triggered
[2025-09-24T08:00:12.989Z] [INFO] Starting cleanup process...
[2025-09-24T08:00:12.989Z] [INFO] Terminating backend process...
[2025-09-24T08:00:12.989Z] [INFO] Closing frontend server...
[2025-09-24T08:00:12.990Z] [INFO] Cleanup completed - app will quit
[2025-09-24T08:00:12.990Z] [INFO] App before-quit event triggered
[2025-09-24T08:00:12.991Z] [INFO] Starting cleanup process...
[2025-09-24T08:00:12.991Z] [INFO] Terminating backend process...
[2025-09-24T08:00:12.992Z] [INFO] Closing frontend server...
[2025-09-24T08:00:12.992Z] [INFO] Cleanup completed - app will quit
[2025-09-24T08:00:12.992Z] [INFO] App before-quit event triggered
[2025-09-24T08:00:12.993Z] [INFO] Starting cleanup process...
[2025-09-24T08:00:12.993Z] [INFO] Terminating backend process...
[2025-09-24T08:00:12.994Z] [INFO] Closing frontend server...
[2025-09-24T08:00:12.994Z] [INFO] Cleanup completed - app will quit
[2025-09-24T08:00:12.994Z] [INFO] App before-quit event triggered
[2025-09-24T08:00:12.995Z] [INFO] Starting cleanup process...
[2025-09-24T08:00:12.995Z] [INFO] Terminating backend process...
[2025-09-24T08:00:12.996Z] [INFO] Closing frontend server...
[2025-09-24T08:00:12.996Z] [INFO] Cleanup completed - app will quit
[2025-09-24T08:00:12.996Z] [INFO] App before-quit event triggered
[2025-09-24T08:00:12.997Z] [INFO] Starting cleanup process...
[2025-09-24T08:00:12.997Z] [INFO] Terminating backend process...
[2025-09-24T08:00:12.997Z] [INFO] Closing frontend server...
[2025-09-24T08:00:12.998Z] [INFO] Cleanup completed - app will quit
[2025-09-24T08:00:12.998Z] [INFO] App before-quit event triggered
[2025-09-24T08:00:12.999Z] [INFO] Starting cleanup process...
[2025-09-24T08:00:12.999Z] [INFO] Terminating backend process...
[2025-09-24T08:00:12.999Z] [INFO] Closing frontend server...
[2025-09-24T08:00:13.000Z] [INFO] Cleanup completed - app will quit
[2025-09-24T08:00:13.000Z] [INFO] App before-quit event triggered
[2025-09-24T08:00:13.000Z] [INFO] Starting cleanup process...
[2025-09-24T08:00:13.001Z] [INFO] Terminating backend process...
[2025-09-24T08:00:13.001Z] [INFO] Closing frontend server...
[2025-09-24T08:00:13.001Z] [INFO] Cleanup completed - app will quit
[2025-09-24T08:00:13.002Z] [INFO] App before-quit event triggered
[2025-09-24T08:00:13.002Z] [INFO] Starting cleanup process...
[2025-09-24T08:00:13.002Z] [INFO] Terminating backend process...
[2025-09-24T08:00:13.003Z] [INFO] Closing frontend server...
[2025-09-24T08:00:13.003Z] [INFO] Cleanup completed - app will quit
[2025-09-24T08:00:13.004Z] [INFO] App before-quit event triggered
[2025-09-24T08:00:13.004Z] [INFO] Starting cleanup process...
[2025-09-24T08:00:13.004Z] [INFO] Terminating backend process...
[2025-09-24T08:00:13.005Z] [INFO] Closing frontend server...
[2025-09-24T08:00:13.005Z] [INFO] Cleanup completed - app will quit
[2025-09-24T08:00:13.005Z] [INFO] App before-quit event triggered
[2025-09-24T08:00:13.006Z] [INFO] Starting cleanup process...
[2025-09-24T08:00:13.006Z] [INFO] Terminating backend process...
[2025-09-24T08:00:13.007Z] [INFO] Closing frontend server...
[2025-09-24T08:00:13.007Z] [INFO] Cleanup completed - app will quit
[2025-09-24T08:00:13.008Z] [INFO] App before-quit event triggered
[2025-09-24T08:00:13.008Z] [INFO] Starting cleanup process...
[2025-09-24T08:00:13.009Z] [INFO] Terminating backend process...
[2025-09-24T08:00:13.009Z] [INFO] Closing frontend server...
[2025-09-24T08:00:13.010Z] [INFO] Cleanup completed - app will quit
[2025-09-24T08:00:13.010Z] [INFO] App before-quit event triggered
[2025-09-24T08:00:13.010Z] [INFO] Starting cleanup process...
[2025-09-24T08:00:13.011Z] [INFO] Terminating backend process...
[2025-09-24T08:00:13.011Z] [INFO] Closing frontend server...
[2025-09-24T08:00:13.011Z] [INFO] Cleanup completed - app will quit
[2025-09-24T08:00:13.012Z] [INFO] App before-quit event triggered
[2025-09-24T08:00:13.012Z] [INFO] Starting cleanup process...
[2025-09-24T08:00:13.012Z] [INFO] Terminating backend process...
[2025-09-24T08:00:13.013Z] [INFO] Closing frontend server...
[2025-09-24T08:00:13.013Z] [INFO] Cleanup completed - app will quit
[2025-09-24T08:00:13.014Z] [INFO] App before-quit event triggered
[2025-09-24T08:00:13.014Z] [INFO] Starting cleanup process...
[2025-09-24T08:00:13.014Z] [INFO] Terminating backend process...
[2025-09-24T08:00:13.015Z] [INFO] Closing frontend server...
[2025-09-24T08:00:13.015Z] [INFO] Cleanup completed - app will quit
[2025-09-24T08:00:13.015Z] [INFO] App before-quit event triggered
[2025-09-24T08:00:13.016Z] [INFO] Starting cleanup process...
[2025-09-24T08:00:13.016Z] [INFO] Terminating backend process...
[2025-09-24T08:00:13.016Z] [INFO] Closing frontend server...
[2025-09-24T08:00:13.017Z] [INFO] Cleanup completed - app will quit
[2025-09-24T08:00:13.017Z] [INFO] App before-quit event triggered
[2025-09-24T08:00:13.017Z] [INFO] Starting cleanup process...
[2025-09-24T08:00:13.018Z] [INFO] Terminating backend process...
[2025-09-24T08:00:13.018Z] [INFO] Closing frontend server...
[2025-09-24T08:00:13.019Z] [INFO] Cleanup completed - app will quit
[2025-09-24T08:00:13.019Z] [INFO] App before-quit event triggered
[2025-09-24T08:00:13.019Z] [INFO] Starting cleanup process...
[2025-09-24T08:00:13.020Z] [INFO] Terminating backend process...
[2025-09-24T08:00:13.020Z] [INFO] Closing frontend server...
[2025-09-24T08:00:13.020Z] [INFO] Cleanup completed - app will quit
[2025-09-24T08:00:13.021Z] [INFO] App before-quit event triggered
[2025-09-24T08:00:13.021Z] [INFO] Starting cleanup process...
[2025-09-24T08:00:13.021Z] [INFO] Terminating backend process...
[2025-09-24T08:00:13.022Z] [INFO] Closing frontend server...
[2025-09-24T08:00:13.022Z] [INFO] Cleanup completed - app will quit
[2025-09-24T08:00:13.022Z] [INFO] App before-quit event triggered
[2025-09-24T08:00:13.023Z] [INFO] Starting cleanup process...
[2025-09-24T08:00:13.023Z] [INFO] Terminating backend process...
[2025-09-24T08:00:13.024Z] [INFO] Closing frontend server...
[2025-09-24T08:00:13.024Z] [INFO] Cleanup completed - app will quit
[2025-09-24T08:00:13.025Z] [INFO] App before-quit event triggered
[2025-09-24T08:00:13.025Z] [INFO] Starting cleanup process...
[2025-09-24T08:00:13.025Z] [INFO] Terminating backend process...
[2025-09-24T08:00:13.026Z] [INFO] Closing frontend server...
[2025-09-24T08:00:13.026Z] [INFO] Cleanup completed - app will quit
[2025-09-24T08:00:13.027Z] [INFO] App before-quit event triggered
[2025-09-24T08:00:13.027Z] [INFO] Starting cleanup process...
[2025-09-24T08:00:13.027Z] [INFO] Terminating backend process...
[2025-09-24T08:00:13.028Z] [INFO] Closing frontend server...
[2025-09-24T08:00:13.028Z] [INFO] Cleanup completed - app will quit
[2025-09-24T08:00:13.029Z] [INFO] App before-quit event triggered
[2025-09-24T08:00:13.029Z] [INFO] Starting cleanup process...
[2025-09-24T08:00:13.030Z] [INFO] Terminating backend process...
[2025-09-24T08:00:13.030Z] [INFO] Closing frontend server...
[2025-09-24T08:00:13.030Z] [INFO] Cleanup completed - app will quit
[2025-09-24T08:00:13.031Z] [INFO] App before-quit event triggered
[2025-09-24T08:00:13.031Z] [INFO] Starting cleanup process...
[2025-09-24T08:00:13.031Z] [INFO] Terminating backend process...
[2025-09-24T08:00:13.032Z] [INFO] Closing frontend server...
[2025-09-24T08:00:13.032Z] [INFO] Cleanup completed - app will quit
[2025-09-24T08:00:13.033Z] [INFO] App before-quit event triggered
[2025-09-24T08:00:13.033Z] [INFO] Starting cleanup process...
[2025-09-24T08:00:13.033Z] [INFO] Terminating backend process...
[2025-09-24T08:00:13.034Z] [INFO] Closing frontend server...
[2025-09-24T08:00:13.034Z] [INFO] Cleanup completed - app will quit
[2025-09-24T08:00:13.034Z] [INFO] App before-quit event triggered
[2025-09-24T08:00:13.035Z] [INFO] Starting cleanup process...
[2025-09-24T08:00:13.035Z] [INFO] Terminating backend process...
[2025-09-24T08:00:13.035Z] [INFO] Closing frontend server...
[2025-09-24T08:00:13.036Z] [INFO] Cleanup completed - app will quit
[2025-09-24T08:00:13.036Z] [INFO] App before-quit event triggered
[2025-09-24T08:00:13.037Z] [INFO] Starting cleanup process...
[2025-09-24T08:00:13.037Z] [INFO] Terminating backend process...
[2025-09-24T08:00:13.037Z] [INFO] Closing frontend server...
[2025-09-24T08:00:13.038Z] [INFO] Cleanup completed - app will quit
[2025-09-24T08:00:13.038Z] [INFO] App before-quit event triggered
[2025-09-24T08:00:13.038Z] [INFO] Starting cleanup process...
[2025-09-24T08:00:13.039Z] [INFO] Terminating backend process...
[2025-09-24T08:00:13.039Z] [INFO] Closing frontend server...
[2025-09-24T08:00:13.039Z] [INFO] Cleanup completed - app will quit
[2025-09-24T08:00:13.040Z] [INFO] App before-quit event triggered
[2025-09-24T08:00:13.040Z] [INFO] Starting cleanup process...
[2025-09-24T08:00:13.041Z] [INFO] Terminating backend process...
[2025-09-24T08:00:13.041Z] [INFO] Closing frontend server...
[2025-09-24T08:00:13.042Z] [INFO] Cleanup completed - app will quit
[2025-09-24T08:00:13.042Z] [INFO] App before-quit event triggered
[2025-09-24T08:00:13.042Z] [INFO] Starting cleanup process...
[2025-09-24T08:00:13.043Z] [INFO] Terminating backend process...
[2025-09-24T08:00:13.043Z] [INFO] Closing frontend server...
[2025-09-24T08:00:13.044Z] [INFO] Cleanup completed - app will quit
[2025-09-24T08:00:13.044Z] [INFO] App before-quit event triggered
[2025-09-24T08:00:13.044Z] [INFO] Starting cleanup process...
[2025-09-24T08:00:13.045Z] [INFO] Terminating backend process...
[2025-09-24T08:00:13.045Z] [INFO] Closing frontend server...
[2025-09-24T08:00:13.045Z] [INFO] Cleanup completed - app will quit
[2025-09-24T08:00:13.046Z] [INFO] App before-quit event triggered
[2025-09-24T08:00:13.046Z] [INFO] Starting cleanup process...
[2025-09-24T08:00:13.047Z] [INFO] Terminating backend process...
[2025-09-24T08:00:13.047Z] [INFO] Closing frontend server...
[2025-09-24T08:00:13.048Z] [INFO] Cleanup completed - app will quit
[2025-09-24T08:00:13.048Z] [INFO] App before-quit event triggered
[2025-09-24T08:00:13.048Z] [INFO] Starting cleanup process...
[2025-09-24T08:00:13.049Z] [INFO] Terminating backend process...
[2025-09-24T08:00:13.049Z] [INFO] Closing frontend server...
[2025-09-24T08:00:13.049Z] [INFO] Cleanup completed - app will quit
[2025-09-24T08:00:13.050Z] [INFO] App before-quit event triggered
[2025-09-24T08:00:13.050Z] [INFO] Starting cleanup process...
[2025-09-24T08:00:13.051Z] [INFO] Terminating backend process...
[2025-09-24T08:00:13.051Z] [INFO] Closing frontend server...
[2025-09-24T08:00:13.052Z] [INFO] Cleanup completed - app will quit
[2025-09-24T08:00:13.052Z] [INFO] App before-quit event triggered
[2025-09-24T08:00:13.052Z] [INFO] Starting cleanup process...
[2025-09-24T08:00:13.053Z] [INFO] Terminating backend process...
[2025-09-24T08:00:13.053Z] [INFO] Closing frontend server...
[2025-09-24T08:00:13.054Z] [INFO] Cleanup completed - app will quit
[2025-09-24T08:00:13.054Z] [INFO] App before-quit event triggered
[2025-09-24T08:00:13.054Z] [INFO] Starting cleanup process...
[2025-09-24T08:00:13.055Z] [INFO] Terminating backend process...
[2025-09-24T08:00:13.055Z] [INFO] Closing frontend server...
[2025-09-24T08:00:13.056Z] [INFO] Cleanup completed - app will quit
[2025-09-24T08:00:13.056Z] [INFO] App before-quit event triggered
[2025-09-24T08:00:13.057Z] [INFO] Starting cleanup process...
[2025-09-24T08:00:13.057Z] [INFO] Terminating backend process...
[2025-09-24T08:00:13.057Z] [INFO] Closing frontend server...
[2025-09-24T08:00:13.058Z] [INFO] Cleanup completed - app will quit
[2025-09-24T08:00:13.058Z] [INFO] App before-quit event triggered
[2025-09-24T08:00:13.059Z] [INFO] Starting cleanup process...
[2025-09-24T08:00:13.059Z] [INFO] Terminating backend process...
[2025-09-24T08:00:13.060Z] [INFO] Closing frontend server...
[2025-09-24T08:00:13.060Z] [INFO] Cleanup completed - app will quit
[2025-09-24T08:00:13.061Z] [INFO] App before-quit event triggered
[2025-09-24T08:00:13.061Z] [INFO] Starting cleanup process...
[2025-09-24T08:00:13.061Z] [INFO] Terminating backend process...
[2025-09-24T08:00:13.062Z] [INFO] Closing frontend server...
[2025-09-24T08:00:13.062Z] [INFO] Cleanup completed - app will quit
[2025-09-24T08:00:13.063Z] [INFO] App before-quit event triggered
[2025-09-24T08:00:13.063Z] [INFO] Starting cleanup process...
[2025-09-24T08:00:13.064Z] [INFO] Terminating backend process...
[2025-09-24T08:00:13.064Z] [INFO] Closing frontend server...
[2025-09-24T08:00:13.065Z] [INFO] Cleanup completed - app will quit
[2025-09-24T08:00:13.065Z] [INFO] App before-quit event triggered
[2025-09-24T08:00:13.066Z] [INFO] Starting cleanup process...
[2025-09-24T08:00:13.066Z] [INFO] Terminating backend process...
[2025-09-24T08:00:13.066Z] [INFO] Closing frontend server...
[2025-09-24T08:00:13.067Z] [INFO] Cleanup completed - app will quit
[2025-09-24T08:00:13.067Z] [INFO] App before-quit event triggered
[2025-09-24T08:00:13.067Z] [INFO] Starting cleanup process...
[2025-09-24T08:00:13.068Z] [INFO] Terminating backend process...
[2025-09-24T08:00:13.068Z] [INFO] Closing frontend server...
[2025-09-24T08:00:13.069Z] [INFO] Cleanup completed - app will quit
[2025-09-24T08:00:13.069Z] [INFO] App before-quit event triggered
[2025-09-24T08:00:13.069Z] [INFO] Starting cleanup process...
[2025-09-24T08:00:13.070Z] [INFO] Terminating backend process...
[2025-09-24T08:00:13.070Z] [INFO] Closing frontend server...
[2025-09-24T08:00:13.071Z] [INFO] Cleanup completed - app will quit
[2025-09-24T08:00:13.071Z] [INFO] App before-quit event triggered
[2025-09-24T08:00:13.071Z] [INFO] Starting cleanup process...
[2025-09-24T08:00:13.072Z] [INFO] Terminating backend process...
[2025-09-24T08:00:13.072Z] [INFO] Closing frontend server...
[2025-09-24T08:00:13.072Z] [INFO] Cleanup completed - app will quit
[2025-09-24T08:00:13.073Z] [INFO] App before-quit event triggered
[2025-09-24T08:00:13.073Z] [INFO] Starting cleanup process...
[2025-09-24T08:00:13.073Z] [INFO] Terminating backend process...
[2025-09-24T08:00:13.074Z] [INFO] Closing frontend server...
[2025-09-24T08:00:13.074Z] [INFO] Cleanup completed - app will quit
[2025-09-24T08:00:13.075Z] [INFO] App before-quit event triggered
[2025-09-24T08:00:13.075Z] [INFO] Starting cleanup process...
[2025-09-24T08:00:13.076Z] [INFO] Terminating backend process...
[2025-09-24T08:00:13.076Z] [INFO] Closing frontend server...
[2025-09-24T08:00:13.077Z] [INFO] Cleanup completed - app will quit
[2025-09-24T08:00:13.077Z] [INFO] App before-quit event triggered
[2025-09-24T08:00:13.077Z] [INFO] Starting cleanup process...
[2025-09-24T08:00:13.078Z] [INFO] Terminating backend process...
[2025-09-24T08:00:13.078Z] [INFO] Closing frontend server...
[2025-09-24T08:00:13.078Z] [INFO] Cleanup completed - app will quit
[2025-09-24T08:00:13.079Z] [INFO] App before-quit event triggered
[2025-09-24T08:00:13.079Z] [INFO] Starting cleanup process...
[2025-09-24T08:00:13.080Z] [INFO] Terminating backend process...
[2025-09-24T08:00:13.080Z] [INFO] Closing frontend server...
[2025-09-24T08:00:13.081Z] [INFO] Cleanup completed - app will quit
[2025-09-24T08:00:13.081Z] [INFO] App before-quit event triggered
[2025-09-24T08:00:13.081Z] [INFO] Starting cleanup process...
[2025-09-24T08:00:13.082Z] [INFO] Terminating backend process...
[2025-09-24T08:00:13.082Z] [INFO] Closing frontend server...
[2025-09-24T08:00:13.082Z] [INFO] Cleanup completed - app will quit
[2025-09-24T08:00:13.083Z] [INFO] App before-quit event triggered
[2025-09-24T08:00:13.083Z] [INFO] Starting cleanup process...
[2025-09-24T08:00:13.084Z] [INFO] Terminating backend process...
[2025-09-24T08:00:13.084Z] [INFO] Closing frontend server...
[2025-09-24T08:00:13.084Z] [INFO] Cleanup completed - app will quit
[2025-09-24T08:00:13.085Z] [INFO] App before-quit event triggered
[2025-09-24T08:00:13.085Z] [INFO] Starting cleanup process...
[2025-09-24T08:00:13.085Z] [INFO] Terminating backend process...
[2025-09-24T08:00:13.086Z] [INFO] Closing frontend server...
[2025-09-24T08:00:13.086Z] [INFO] Cleanup completed - app will quit
[2025-09-24T08:00:13.087Z] [INFO] App before-quit event triggered
[2025-09-24T08:00:13.087Z] [INFO] Starting cleanup process...
[2025-09-24T08:00:13.087Z] [INFO] Terminating backend process...
[2025-09-24T08:00:13.088Z] [INFO] Closing frontend server...
[2025-09-24T08:00:13.088Z] [INFO] Cleanup completed - app will quit
[2025-09-24T08:00:13.089Z] [INFO] App before-quit event triggered
[2025-09-24T08:00:13.089Z] [INFO] Starting cleanup process...
[2025-09-24T08:00:13.089Z] [INFO] Terminating backend process...
[2025-09-24T08:00:13.090Z] [INFO] Closing frontend server...
[2025-09-24T08:00:13.090Z] [INFO] Cleanup completed - app will quit
[2025-09-24T08:00:13.091Z] [INFO] App before-quit event triggered
[2025-09-24T08:00:13.091Z] [INFO] Starting cleanup process...
[2025-09-24T08:00:13.091Z] [INFO] Terminating backend process...
[2025-09-24T08:00:13.092Z] [INFO] Closing frontend server...
[2025-09-24T08:00:13.092Z] [INFO] Cleanup completed - app will quit
[2025-09-24T08:00:13.093Z] [INFO] App before-quit event triggered
[2025-09-24T08:00:13.093Z] [INFO] Starting cleanup process...
[2025-09-24T08:00:13.094Z] [INFO] Terminating backend process...
[2025-09-24T08:00:13.094Z] [INFO] Closing frontend server...
[2025-09-24T08:00:13.095Z] [INFO] Cleanup completed - app will quit
[2025-09-24T08:00:13.095Z] [INFO] App before-quit event triggered
[2025-09-24T08:00:13.095Z] [INFO] Starting cleanup process...
[2025-09-24T08:00:13.096Z] [INFO] Terminating backend process...
[2025-09-24T08:00:13.096Z] [INFO] Closing frontend server...
[2025-09-24T08:00:13.096Z] [INFO] Cleanup completed - app will quit
[2025-09-24T08:00:13.097Z] [INFO] App before-quit event triggered
[2025-09-24T08:00:13.097Z] [INFO] Starting cleanup process...
[2025-09-24T08:00:13.098Z] [INFO] Terminating backend process...
[2025-09-24T08:00:13.098Z] [INFO] Closing frontend server...
[2025-09-24T08:00:13.098Z] [INFO] Cleanup completed - app will quit
[2025-09-24T08:00:13.099Z] [INFO] App before-quit event triggered
[2025-09-24T08:00:13.099Z] [INFO] Starting cleanup process...
[2025-09-24T08:00:13.099Z] [INFO] Terminating backend process...
[2025-09-24T08:00:13.100Z] [INFO] Closing frontend server...
[2025-09-24T08:00:13.100Z] [INFO] Cleanup completed - app will quit
[2025-09-24T08:00:13.100Z] [INFO] App before-quit event triggered
[2025-09-24T08:00:13.101Z] [INFO] Starting cleanup process...
[2025-09-24T08:00:13.101Z] [INFO] Terminating backend process...
[2025-09-24T08:00:13.102Z] [INFO] Closing frontend server...
[2025-09-24T08:00:13.102Z] [INFO] Cleanup completed - app will quit
[2025-09-24T08:00:13.102Z] [INFO] App before-quit event triggered
[2025-09-24T08:00:13.103Z] [INFO] Starting cleanup process...
[2025-09-24T08:00:13.103Z] [INFO] Terminating backend process...
[2025-09-24T08:00:13.103Z] [INFO] Closing frontend server...
[2025-09-24T08:00:13.104Z] [INFO] Cleanup completed - app will quit
[2025-09-24T08:00:13.104Z] [INFO] App before-quit event triggered
[2025-09-24T08:00:13.104Z] [INFO] Starting cleanup process...
[2025-09-24T08:00:13.105Z] [INFO] Terminating backend process...
[2025-09-24T08:00:13.105Z] [INFO] Closing frontend server...
[2025-09-24T08:00:13.106Z] [INFO] Cleanup completed - app will quit
[2025-09-24T08:00:13.106Z] [INFO] App before-quit event triggered
[2025-09-24T08:00:13.106Z] [INFO] Starting cleanup process...
[2025-09-24T08:00:13.107Z] [INFO] Terminating backend process...
[2025-09-24T08:00:13.107Z] [INFO] Closing frontend server...
[2025-09-24T08:00:13.108Z] [INFO] Cleanup completed - app will quit
[2025-09-24T08:00:13.108Z] [INFO] App before-quit event triggered
[2025-09-24T08:00:13.109Z] [INFO] Starting cleanup process...
[2025-09-24T08:00:13.109Z] [INFO] Terminating backend process...
[2025-09-24T08:00:13.109Z] [INFO] Closing frontend server...
[2025-09-24T08:00:13.110Z] [INFO] Cleanup completed - app will quit
[2025-09-24T08:00:13.110Z] [INFO] App before-quit event triggered
[2025-09-24T08:00:13.111Z] [INFO] Starting cleanup process...
[2025-09-24T08:00:13.111Z] [INFO] Terminating backend process...
[2025-09-24T08:00:13.111Z] [INFO] Closing frontend server...
[2025-09-24T08:00:13.112Z] [INFO] Cleanup completed - app will quit
[2025-09-24T08:00:13.112Z] [INFO] App before-quit event triggered
[2025-09-24T08:00:13.112Z] [INFO] Starting cleanup process...
[2025-09-24T08:00:13.113Z] [INFO] Terminating backend process...
[2025-09-24T08:00:13.113Z] [INFO] Closing frontend server...
[2025-09-24T08:00:13.113Z] [INFO] Cleanup completed - app will quit
[2025-09-24T08:00:13.114Z] [INFO] App before-quit event triggered
[2025-09-24T08:00:13.114Z] [INFO] Starting cleanup process...
[2025-09-24T08:00:13.114Z] [INFO] Terminating backend process...
[2025-09-24T08:00:13.115Z] [INFO] Closing frontend server...
[2025-09-24T08:00:13.115Z] [INFO] Cleanup completed - app will quit
[2025-09-24T08:00:13.116Z] [INFO] App before-quit event triggered
[2025-09-24T08:00:13.116Z] [INFO] Starting cleanup process...
[2025-09-24T08:00:13.116Z] [INFO] Terminating backend process...
[2025-09-24T08:00:13.117Z] [INFO] Closing frontend server...
[2025-09-24T08:00:13.117Z] [INFO] Cleanup completed - app will quit
[2025-09-24T08:00:13.117Z] [INFO] App before-quit event triggered
[2025-09-24T08:00:13.118Z] [INFO] Starting cleanup process...
[2025-09-24T08:00:13.118Z] [INFO] Terminating backend process...
[2025-09-24T08:00:13.119Z] [INFO] Closing frontend server...
[2025-09-24T08:00:13.119Z] [INFO] Cleanup completed - app will quit
[2025-09-24T08:00:13.119Z] [INFO] App before-quit event triggered
[2025-09-24T08:00:13.120Z] [INFO] Starting cleanup process...
[2025-09-24T08:00:13.120Z] [INFO] Terminating backend process...
[2025-09-24T08:00:13.121Z] [INFO] Closing frontend server...
[2025-09-24T08:00:13.121Z] [INFO] Cleanup completed - app will quit
[2025-09-24T08:00:13.122Z] [INFO] App before-quit event triggered
[2025-09-24T08:00:13.122Z] [INFO] Starting cleanup process...
[2025-09-24T08:00:13.122Z] [INFO] Terminating backend process...
[2025-09-24T08:00:13.123Z] [INFO] Closing frontend server...
[2025-09-24T08:00:13.123Z] [INFO] Cleanup completed - app will quit
[2025-09-24T08:00:13.124Z] [INFO] App before-quit event triggered
[2025-09-24T08:00:13.124Z] [INFO] Starting cleanup process...
[2025-09-24T08:00:13.124Z] [INFO] Terminating backend process...
[2025-09-24T08:00:13.125Z] [INFO] Closing frontend server...
[2025-09-24T08:00:13.125Z] [INFO] Cleanup completed - app will quit
[2025-09-24T08:00:13.126Z] [INFO] App before-quit event triggered
[2025-09-24T08:00:13.126Z] [INFO] Starting cleanup process...
[2025-09-24T08:00:13.126Z] [INFO] Terminating backend process...
[2025-09-24T08:00:13.127Z] [INFO] Closing frontend server...
[2025-09-24T08:00:13.127Z] [INFO] Cleanup completed - app will quit
[2025-09-24T08:00:13.128Z] [INFO] App before-quit event triggered
[2025-09-24T08:00:13.128Z] [INFO] Starting cleanup process...
[2025-09-24T08:00:13.128Z] [INFO] Terminating backend process...
[2025-09-24T08:00:13.129Z] [INFO] Closing frontend server...
[2025-09-24T08:00:13.129Z] [INFO] Cleanup completed - app will quit
[2025-09-24T08:00:13.130Z] [INFO] App before-quit event triggered
[2025-09-24T08:00:13.130Z] [INFO] Starting cleanup process...
[2025-09-24T08:00:13.131Z] [INFO] Terminating backend process...
[2025-09-24T08:00:13.131Z] [INFO] Closing frontend server...
[2025-09-24T08:00:13.131Z] [INFO] Cleanup completed - app will quit
[2025-09-24T08:00:13.132Z] [INFO] App before-quit event triggered
[2025-09-24T08:00:13.132Z] [INFO] Starting cleanup process...
[2025-09-24T08:00:13.132Z] [INFO] Terminating backend process...
[2025-09-24T08:00:13.133Z] [INFO] Closing frontend server...
[2025-09-24T08:00:13.133Z] [INFO] Cleanup completed - app will quit
[2025-09-24T08:00:13.134Z] [INFO] App before-quit event triggered
[2025-09-24T08:00:13.134Z] [INFO] Starting cleanup process...
[2025-09-24T08:00:13.134Z] [INFO] Terminating backend process...
[2025-09-24T08:00:13.135Z] [INFO] Closing frontend server...
[2025-09-24T08:00:13.135Z] [INFO] Cleanup completed - app will quit
[2025-09-24T08:00:13.135Z] [INFO] App before-quit event triggered
[2025-09-24T08:00:13.136Z] [INFO] Starting cleanup process...
[2025-09-24T08:00:13.136Z] [INFO] Terminating backend process...
[2025-09-24T08:00:13.136Z] [INFO] Closing frontend server...
[2025-09-24T08:00:13.137Z] [INFO] Cleanup completed - app will quit
[2025-09-24T08:00:13.137Z] [INFO] App before-quit event triggered
[2025-09-24T08:00:13.137Z] [INFO] Starting cleanup process...
[2025-09-24T08:00:13.138Z] [INFO] Terminating backend process...
[2025-09-24T08:00:13.138Z] [INFO] Closing frontend server...
[2025-09-24T08:00:13.139Z] [INFO] Cleanup completed - app will quit
[2025-09-24T08:00:13.139Z] [INFO] App before-quit event triggered
[2025-09-24T08:00:13.139Z] [INFO] Starting cleanup process...
[2025-09-24T08:00:13.140Z] [INFO] Terminating backend process...
[2025-09-24T08:00:13.140Z] [INFO] Closing frontend server...
[2025-09-24T08:00:13.140Z] [INFO] Cleanup completed - app will quit
[2025-09-24T08:00:13.141Z] [INFO] App before-quit event triggered
[2025-09-24T08:00:13.141Z] [INFO] Starting cleanup process...
[2025-09-24T08:00:13.142Z] [INFO] Terminating backend process...
[2025-09-24T08:00:13.142Z] [INFO] Closing frontend server...
[2025-09-24T08:00:13.143Z] [INFO] Cleanup completed - app will quit
[2025-09-24T08:00:13.143Z] [INFO] App before-quit event triggered
[2025-09-24T08:00:13.143Z] [INFO] Starting cleanup process...
[2025-09-24T08:00:13.144Z] [INFO] Terminating backend process...
[2025-09-24T08:00:13.144Z] [INFO] Closing frontend server...
[2025-09-24T08:00:13.145Z] [INFO] Cleanup completed - app will quit
[2025-09-24T08:00:13.145Z] [INFO] App before-quit event triggered
[2025-09-24T08:00:13.145Z] [INFO] Starting cleanup process...
[2025-09-24T08:00:13.146Z] [INFO] Terminating backend process...
[2025-09-24T08:00:13.146Z] [INFO] Closing frontend server...
[2025-09-24T08:00:13.146Z] [INFO] Cleanup completed - app will quit
[2025-09-24T08:00:13.147Z] [INFO] App before-quit event triggered
[2025-09-24T08:00:13.147Z] [INFO] Starting cleanup process...
[2025-09-24T08:00:13.147Z] [INFO] Terminating backend process...
[2025-09-24T08:00:13.148Z] [INFO] Closing frontend server...
[2025-09-24T08:00:13.148Z] [INFO] Cleanup completed - app will quit
[2025-09-24T08:00:13.148Z] [INFO] App before-quit event triggered
[2025-09-24T08:00:13.149Z] [INFO] Starting cleanup process...
[2025-09-24T08:00:13.149Z] [INFO] Terminating backend process...
[2025-09-24T08:00:13.149Z] [INFO] Closing frontend server...
[2025-09-24T08:00:13.150Z] [INFO] Cleanup completed - app will quit
[2025-09-24T08:00:13.150Z] [INFO] App before-quit event triggered
[2025-09-24T08:00:13.151Z] [INFO] Starting cleanup process...
[2025-09-24T08:00:13.151Z] [INFO] Terminating backend process...
[2025-09-24T08:00:13.151Z] [INFO] Closing frontend server...
[2025-09-24T08:00:13.152Z] [INFO] Cleanup completed - app will quit
[2025-09-24T08:00:13.152Z] [INFO] App before-quit event triggered
[2025-09-24T08:00:13.152Z] [INFO] Starting cleanup process...
[2025-09-24T08:00:13.153Z] [INFO] Terminating backend process...
[2025-09-24T08:00:13.153Z] [INFO] Closing frontend server...
[2025-09-24T08:00:13.154Z] [INFO] Cleanup completed - app will quit
[2025-09-24T08:00:13.154Z] [INFO] App before-quit event triggered
[2025-09-24T08:00:13.155Z] [INFO] Starting cleanup process...
[2025-09-24T08:00:13.155Z] [INFO] Terminating backend process...
[2025-09-24T08:00:13.155Z] [INFO] Closing frontend server...
[2025-09-24T08:00:13.156Z] [INFO] Cleanup completed - app will quit
